#
# There is insufficient memory for the Java Runtime Environment to continue.
# Native memory allocation (malloc) failed to allocate 32744 bytes for Chunk::new
# Possible reasons:
#   The system is out of physical RAM or swap space
#   The process is running with CompressedOops enabled, and the Java Heap may be blocking the growth of the native heap
# Possible solutions:
#   Reduce memory load on the system
#   Increase physical memory or swap space
#   Check if swap backing store is full
#   Decrease Java heap size (-Xmx/-Xms)
#   Decrease number of Java threads
#   Decrease Java thread stack sizes (-Xss)
#   Set larger code cache with -XX:ReservedCodeCacheSize=
#   JVM is running with Unscaled Compressed Oops mode in which the Java heap is
#     placed in the first 4GB address space. The Java Heap base address is the
#     maximum limit for the native heap growth. Please use -XX:HeapBaseMinAddress
#     to set the Java Heap base and to place the Java Heap above 4GB virtual address.
# This output file may be truncated or incomplete.
#
#  Out of Memory Error (arena.cpp:168), pid=14380, tid=14776
#
# JRE version: Java(TM) SE Runtime Environment (21.0.5+9) (build 21.0.5+9-LTS-239)
# Java VM: Java HotSpot(TM) 64-Bit Server VM (21.0.5+9-LTS-239, mixed mode, sharing, tiered, compressed oops, compressed class ptrs, g1 gc, windows-amd64)
# No core dump will be written. Minidumps are not enabled by default on client versions of Windows
#

---------------  S U M M A R Y ------------

Command Line: --add-opens=java.base/java.lang=ALL-UNNAMED --add-opens=java.base/java.lang.invoke=ALL-UNNAMED --add-opens=java.base/java.util=ALL-UNNAMED --add-opens=java.prefs/java.util.prefs=ALL-UNNAMED --add-exports=jdk.compiler/com.sun.tools.javac.api=ALL-UNNAMED --add-exports=jdk.compiler/com.sun.tools.javac.util=ALL-UNNAMED --add-opens=java.base/java.util=ALL-UNNAMED --add-opens=java.prefs/java.util.prefs=ALL-UNNAMED --add-opens=java.base/java.nio.charset=ALL-UNNAMED --add-opens=java.base/java.net=ALL-UNNAMED --add-opens=java.base/java.util.concurrent.atomic=ALL-UNNAMED --add-opens=java.xml/javax.xml.namespace=ALL-UNNAMED -Xmx2048m -Dfile.encoding=UTF-8 -Duser.country -Duser.language=en -Duser.variant -javaagent:C:\Users\adria\.gradle\wrapper\dists\gradle-8.11.1-bin\bpt9gzteqjrbo1mjrsomdt32c\gradle-8.11.1\lib\agents\gradle-instrumentation-agent-8.11.1.jar org.gradle.launcher.daemon.bootstrap.GradleDaemon 8.11.1

Host: Intel(R) Core(TM) i5-7200U CPU @ 2.50GHz, 4 cores, 11G,  Windows 10 , 64 bit Build 19041 (10.0.19041.5915)
Time: Tue Jul  1 13:21:31 2025 SE Asia Standard Time elapsed time: 27.527933 seconds (0d 0h 0m 27s)

---------------  T H R E A D  ---------------

Current thread (0x000002ba69f4b3f0):  JavaThread "C2 CompilerThread1" daemon [_thread_in_native, id=14776, stack(0x000000e7a8c00000,0x000000e7a8d00000) (1024K)]


Current CompileTask:
C2:  27528 12711   !   4       com.google.common.cache.LocalCache$Segment::lockedGetOrLoad (447 bytes)

Stack: [0x000000e7a8c00000,0x000000e7a8d00000]
Native frames: (J=compiled Java code, j=interpreted, Vv=VM code, C=native code)
V  [jvm.dll+0x6ca289]
V  [jvm.dll+0x854a51]
V  [jvm.dll+0x856f7e]
V  [jvm.dll+0x857653]
V  [jvm.dll+0x27dd26]
V  [jvm.dll+0xc4c2d]
V  [jvm.dll+0xc5163]
V  [jvm.dll+0x3b9e88]
V  [jvm.dll+0x5d6508]
V  [jvm.dll+0x5d55e6]
V  [jvm.dll+0x5d5e65]
V  [jvm.dll+0x3814e4]
V  [jvm.dll+0x38092a]
V  [jvm.dll+0x246910]
V  [jvm.dll+0x245eef]
V  [jvm.dll+0x1c6d0e]
V  [jvm.dll+0x2554d9]
V  [jvm.dll+0x253a6a]
V  [jvm.dll+0x3ee136]
V  [jvm.dll+0x7fee9b]
V  [jvm.dll+0x6c896d]
C  [ucrtbase.dll+0x21bb2]
C  [KERNEL32.DLL+0x17374]
C  [ntdll.dll+0x4cc91]


---------------  P R O C E S S  ---------------

Threads class SMR info:
_java_thread_list=0x000002ba226640d0, length=51, elements={
0x000002ba0470df00, 0x000002ba2284e040, 0x000002ba2284e7a0, 0x000002ba22960180,
0x000002ba229627f0, 0x000002ba22962e50, 0x000002ba22963730, 0x000002ba229640c0,
0x000002ba2299b730, 0x000002ba22a6e5e0, 0x000002ba22b550e0, 0x000002ba69597de0,
0x000002ba695e6f30, 0x000002ba698b6b30, 0x000002ba6991a950, 0x000002ba69694040,
0x000002ba696986b0, 0x000002ba69698d10, 0x000002ba697e80d0, 0x000002ba6979ea30,
0x000002ba697a1820, 0x000002ba697a1190, 0x000002ba697a0470, 0x000002ba697a1eb0,
0x000002ba6979f0c0, 0x000002ba6979fde0, 0x000002ba6979f750, 0x000002ba6c54c730,
0x000002ba6c54e800, 0x000002ba6c54ee90, 0x000002ba6c5515f0, 0x000002ba6c551c80,
0x000002ba6c552310, 0x000002ba6c5529a0, 0x000002ba6c553030, 0x000002ba6c54c0a0,
0x000002ba6c5536c0, 0x000002ba6c54d450, 0x000002ba6c54e170, 0x000002ba68b77180,
0x000002ba68b78530, 0x000002ba68b750b0, 0x000002ba6cdec690, 0x000002ba69f4b3f0,
0x000002ba6ae65ff0, 0x000002ba6ae617c0, 0x000002ba6d918c90, 0x000002ba6d918600,
0x000002ba6d914460, 0x000002ba6d916530, 0x000002ba6d919320
}

Java Threads: ( => current thread )
  0x000002ba0470df00 JavaThread "main"                              [_thread_blocked, id=14872, stack(0x000000e7a5700000,0x000000e7a5800000) (1024K)]
  0x000002ba2284e040 JavaThread "Reference Handler"          daemon [_thread_blocked, id=14748, stack(0x000000e7a5f00000,0x000000e7a6000000) (1024K)]
  0x000002ba2284e7a0 JavaThread "Finalizer"                  daemon [_thread_blocked, id=6000, stack(0x000000e7a6000000,0x000000e7a6100000) (1024K)]
  0x000002ba22960180 JavaThread "Signal Dispatcher"          daemon [_thread_blocked, id=2880, stack(0x000000e7a6100000,0x000000e7a6200000) (1024K)]
  0x000002ba229627f0 JavaThread "Attach Listener"            daemon [_thread_blocked, id=10288, stack(0x000000e7a6200000,0x000000e7a6300000) (1024K)]
  0x000002ba22962e50 JavaThread "Service Thread"             daemon [_thread_blocked, id=4856, stack(0x000000e7a6300000,0x000000e7a6400000) (1024K)]
  0x000002ba22963730 JavaThread "Monitor Deflation Thread"   daemon [_thread_blocked, id=13340, stack(0x000000e7a6400000,0x000000e7a6500000) (1024K)]
  0x000002ba229640c0 JavaThread "C2 CompilerThread0"         daemon [_thread_in_native, id=15056, stack(0x000000e7a6500000,0x000000e7a6600000) (1024K)]
  0x000002ba2299b730 JavaThread "C1 CompilerThread0"         daemon [_thread_blocked, id=13820, stack(0x000000e7a6600000,0x000000e7a6700000) (1024K)]
  0x000002ba22a6e5e0 JavaThread "Common-Cleaner"             daemon [_thread_blocked, id=11156, stack(0x000000e7a6700000,0x000000e7a6800000) (1024K)]
  0x000002ba22b550e0 JavaThread "Notification Thread"        daemon [_thread_blocked, id=720, stack(0x000000e7a6800000,0x000000e7a6900000) (1024K)]
  0x000002ba69597de0 JavaThread "Daemon health stats"               [_thread_blocked, id=9780, stack(0x000000e7a6d00000,0x000000e7a6e00000) (1024K)]
  0x000002ba695e6f30 JavaThread "Incoming local TCP Connector on port 64547"        [_thread_in_native, id=228, stack(0x000000e7a6e00000,0x000000e7a6f00000) (1024K)]
  0x000002ba698b6b30 JavaThread "Daemon periodic checks"            [_thread_blocked, id=15696, stack(0x000000e7a6f00000,0x000000e7a7000000) (1024K)]
  0x000002ba6991a950 JavaThread "Daemon"                            [_thread_blocked, id=7304, stack(0x000000e7a7000000,0x000000e7a7100000) (1024K)]
  0x000002ba69694040 JavaThread "Handler for socket connection from /127.0.0.1:64547 to /127.0.0.1:64548"        [_thread_in_native, id=14392, stack(0x000000e7a7100000,0x000000e7a7200000) (1024K)]
  0x000002ba696986b0 JavaThread "Cancel handler"                    [_thread_blocked, id=9932, stack(0x000000e7a7200000,0x000000e7a7300000) (1024K)]
  0x000002ba69698d10 JavaThread "Daemon worker"                     [_thread_blocked, id=14552, stack(0x000000e7a7300000,0x000000e7a7400000) (1024K)]
  0x000002ba697e80d0 JavaThread "Asynchronous log dispatcher for DefaultDaemonConnection: socket connection from /127.0.0.1:64547 to /127.0.0.1:64548"        [_thread_blocked, id=6260, stack(0x000000e7a7400000,0x000000e7a7500000) (1024K)]
  0x000002ba6979ea30 JavaThread "Stdin handler"                     [_thread_blocked, id=15840, stack(0x000000e7a7500000,0x000000e7a7600000) (1024K)]
  0x000002ba697a1820 JavaThread "Daemon client event forwarder"        [_thread_blocked, id=9304, stack(0x000000e7a7600000,0x000000e7a7700000) (1024K)]
  0x000002ba697a1190 JavaThread "Cache worker for journal cache (C:\Users\adria\.gradle\caches\journal-1)"        [_thread_blocked, id=4848, stack(0x000000e7a7700000,0x000000e7a7800000) (1024K)]
  0x000002ba697a0470 JavaThread "File lock request listener"        [_thread_in_native, id=4844, stack(0x000000e7a7800000,0x000000e7a7900000) (1024K)]
  0x000002ba697a1eb0 JavaThread "Cache worker for file hash cache (C:\Users\adria\.gradle\caches\8.11.1\fileHashes)"        [_thread_blocked, id=10364, stack(0x000000e7a7900000,0x000000e7a7a00000) (1024K)]
  0x000002ba6979f0c0 JavaThread "Cache worker for file content cache (C:\Users\adria\.gradle\caches\8.11.1\fileContent)"        [_thread_blocked, id=12816, stack(0x000000e7a7a00000,0x000000e7a7b00000) (1024K)]
  0x000002ba6979fde0 JavaThread "Cache worker for file hash cache (D:\adrian\CeOStar\.gradle\8.11.1\fileHashes)"        [_thread_blocked, id=5388, stack(0x000000e7a7b00000,0x000000e7a7c00000) (1024K)]
  0x000002ba6979f750 JavaThread "Cache worker for Build Output Cleanup Cache (D:\adrian\CeOStar\.gradle\buildOutputCleanup)"        [_thread_blocked, id=14800, stack(0x000000e7a7c00000,0x000000e7a7d00000) (1024K)]
  0x000002ba6c54c730 JavaThread "File watcher consumer"      daemon [_thread_in_native, id=13536, stack(0x000000e7a7e00000,0x000000e7a7f00000) (1024K)]
  0x000002ba6c54e800 JavaThread "Cache worker for checksums cache (D:\adrian\CeOStar\.gradle\8.11.1\checksums)"        [_thread_blocked, id=10152, stack(0x000000e7a7f00000,0x000000e7a8000000) (1024K)]
  0x000002ba6c54ee90 JavaThread "Cache worker for cache directory md-rule (C:\Users\adria\.gradle\caches\8.11.1\md-rule)"        [_thread_blocked, id=13016, stack(0x000000e7a8000000,0x000000e7a8100000) (1024K)]
  0x000002ba6c5515f0 JavaThread "Cache worker for cache directory md-supplier (C:\Users\adria\.gradle\caches\8.11.1\md-supplier)"        [_thread_blocked, id=11600, stack(0x000000e7a8100000,0x000000e7a8200000) (1024K)]
  0x000002ba6c551c80 JavaThread "Unconstrained build operations"        [_thread_blocked, id=3900, stack(0x000000e7a8200000,0x000000e7a8300000) (1024K)]
  0x000002ba6c552310 JavaThread "Unconstrained build operations Thread 2"        [_thread_blocked, id=14220, stack(0x000000e7a8300000,0x000000e7a8400000) (1024K)]
  0x000002ba6c5529a0 JavaThread "Unconstrained build operations Thread 3"        [_thread_blocked, id=15668, stack(0x000000e7a8400000,0x000000e7a8500000) (1024K)]
  0x000002ba6c553030 JavaThread "Unconstrained build operations Thread 4"        [_thread_blocked, id=14540, stack(0x000000e7a8500000,0x000000e7a8600000) (1024K)]
  0x000002ba6c54c0a0 JavaThread "Unconstrained build operations Thread 5"        [_thread_blocked, id=10756, stack(0x000000e7a8600000,0x000000e7a8700000) (1024K)]
  0x000002ba6c5536c0 JavaThread "Unconstrained build operations Thread 6"        [_thread_blocked, id=3376, stack(0x000000e7a8700000,0x000000e7a8800000) (1024K)]
  0x000002ba6c54d450 JavaThread "Unconstrained build operations Thread 7"        [_thread_blocked, id=12632, stack(0x000000e7a8800000,0x000000e7a8900000) (1024K)]
  0x000002ba6c54e170 JavaThread "Unconstrained build operations Thread 8"        [_thread_blocked, id=15508, stack(0x000000e7a8900000,0x000000e7a8a00000) (1024K)]
  0x000002ba68b77180 JavaThread "Unconstrained build operations Thread 9"        [_thread_blocked, id=12492, stack(0x000000e7a8a00000,0x000000e7a8b00000) (1024K)]
  0x000002ba68b78530 JavaThread "build event listener"              [_thread_blocked, id=16092, stack(0x000000e7a6900000,0x000000e7a6a00000) (1024K)]
  0x000002ba68b750b0 JavaThread "Memory manager"                    [_thread_blocked, id=7020, stack(0x000000e7a8b00000,0x000000e7a8c00000) (1024K)]
  0x000002ba6cdec690 JavaThread "build event listener"              [_thread_blocked, id=13824, stack(0x000000e7a8d00000,0x000000e7a8e00000) (1024K)]
=>0x000002ba69f4b3f0 JavaThread "C2 CompilerThread1"         daemon [_thread_in_native, id=14776, stack(0x000000e7a8c00000,0x000000e7a8d00000) (1024K)]
  0x000002ba6ae65ff0 JavaThread "pool-3-thread-1"                   [_thread_blocked, id=2684, stack(0x000000e7a8e00000,0x000000e7a8f00000) (1024K)]
  0x000002ba6ae617c0 JavaThread "build event listener"              [_thread_blocked, id=14052, stack(0x000000e7a8f00000,0x000000e7a9000000) (1024K)]
  0x000002ba6d918c90 JavaThread "included builds"                   [_thread_in_native, id=2768, stack(0x000000e7a9000000,0x000000e7a9100000) (1024K)]
  0x000002ba6d918600 JavaThread "Execution worker"                  [_thread_blocked, id=12824, stack(0x000000e7a9100000,0x000000e7a9200000) (1024K)]
  0x000002ba6d914460 JavaThread "Execution worker Thread 2"         [_thread_blocked, id=10296, stack(0x000000e7a9200000,0x000000e7a9300000) (1024K)]
  0x000002ba6d916530 JavaThread "Execution worker Thread 3"         [_thread_blocked, id=12812, stack(0x000000e7a9300000,0x000000e7a9400000) (1024K)]
  0x000002ba6d919320 JavaThread "Cache worker for execution history cache (D:\adrian\CeOStar\.gradle\8.11.1\executionHistory)"        [_thread_blocked, id=12484, stack(0x000000e7a9400000,0x000000e7a9500000) (1024K)]
Total: 51

Other Threads:
  0x000002ba22831100 VMThread "VM Thread"                           [id=1964, stack(0x000000e7a5e00000,0x000000e7a5f00000) (1024K)]
  0x000002ba22819310 WatcherThread "VM Periodic Task Thread"        [id=13784, stack(0x000000e7a5d00000,0x000000e7a5e00000) (1024K)]
  0x000002ba04764b20 WorkerThread "GC Thread#0"                     [id=2384, stack(0x000000e7a5800000,0x000000e7a5900000) (1024K)]
  0x000002ba22c5d650 WorkerThread "GC Thread#1"                     [id=9208, stack(0x000000e7a6a00000,0x000000e7a6b00000) (1024K)]
  0x000002ba22c65de0 WorkerThread "GC Thread#2"                     [id=15144, stack(0x000000e7a6b00000,0x000000e7a6c00000) (1024K)]
  0x000002ba22c66580 WorkerThread "GC Thread#3"                     [id=3264, stack(0x000000e7a6c00000,0x000000e7a6d00000) (1024K)]
  0x000002ba04775a60 ConcurrentGCThread "G1 Main Marker"            [id=15408, stack(0x000000e7a5900000,0x000000e7a5a00000) (1024K)]
  0x000002ba04777ac0 WorkerThread "G1 Conc#0"                       [id=14096, stack(0x000000e7a5a00000,0x000000e7a5b00000) (1024K)]
  0x000002ba047deaf0 ConcurrentGCThread "G1 Refine#0"               [id=13732, stack(0x000000e7a5b00000,0x000000e7a5c00000) (1024K)]
  0x000002ba226ebb80 ConcurrentGCThread "G1 Service"                [id=1812, stack(0x000000e7a5c00000,0x000000e7a5d00000) (1024K)]
Total: 10

Threads with active compile tasks:
C2 CompilerThread0    27584 12548       4       org.gradle.internal.instantiation.generator.AbstractClassGenerator::inspectType (560 bytes)
C2 CompilerThread1    27584 12711   !   4       com.google.common.cache.LocalCache$Segment::lockedGetOrLoad (447 bytes)
Total: 2

VM state: not at safepoint (normal execution)

VM Mutex/Monitor currently owned by a thread: None

Heap address: 0x0000000080000000, size: 2048 MB, Compressed Oops mode: 32-bit

CDS archive(s) mapped at: [0x000002ba23000000-0x000002ba23c90000-0x000002ba23c90000), size 13172736, SharedBaseAddress: 0x000002ba23000000, ArchiveRelocationMode: 1.
Compressed class space mapped at: 0x000002ba24000000-0x000002ba64000000, reserved size: 1073741824
Narrow klass base: 0x000002ba23000000, Narrow klass shift: 0, Narrow klass range: 0x100000000

GC Precious Log:
 CardTable entry size: 512
 Card Set container configuration: InlinePtr #cards 5 size 8 Array Of Cards #cards 12 size 40 Howl #buckets 4 coarsen threshold 1843 Howl Bitmap #cards 512 size 80 coarsen threshold 460 Card regions per heap region 1 cards per card region 2048
 CPUs: 4 total, 4 available
 Memory: 11701M
 Large Page Support: Disabled
 NUMA Support: Disabled
 Compressed Oops: Enabled (32-bit)
 Heap Region Size: 1M
 Heap Min Capacity: 8M
 Heap Initial Capacity: 184M
 Heap Max Capacity: 2G
 Pre-touch: Disabled
 Parallel Workers: 4
 Concurrent Workers: 1
 Concurrent Refinement Workers: 4
 Periodic GC: Disabled

Heap:
 garbage-first heap   total 214016K, used 139660K [0x0000000080000000, 0x0000000100000000)
  region size 1024K, 27 young (27648K), 1 survivors (1024K)
 Metaspace       used 102406K, committed 104704K, reserved 1179648K
  class space    used 14068K, committed 15232K, reserved 1048576K

Heap Regions: E=young(eden), S=young(survivor), O=old, HS=humongous(starts), HC=humongous(continues), CS=collection set, F=free, TAMS=top-at-mark-start, PB=parsable bottom
|   0|0x0000000080000000, 0x0000000080100000, 0x0000000080100000|100%|HS|  |TAMS 0x0000000080000000| PB 0x0000000080000000| Complete 
|   1|0x0000000080100000, 0x0000000080200000, 0x0000000080200000|100%|HC|  |TAMS 0x0000000080100000| PB 0x0000000080100000| Complete 
|   2|0x0000000080200000, 0x0000000080300000, 0x0000000080300000|100%|HC|  |TAMS 0x0000000080200000| PB 0x0000000080200000| Complete 
|   3|0x0000000080300000, 0x0000000080400000, 0x0000000080400000|100%| O|  |TAMS 0x0000000080300000| PB 0x0000000080300000| Untracked 
|   4|0x0000000080400000, 0x0000000080500000, 0x0000000080500000|100%| O|  |TAMS 0x0000000080400000| PB 0x0000000080400000| Untracked 
|   5|0x0000000080500000, 0x0000000080600000, 0x0000000080600000|100%| O|  |TAMS 0x0000000080500000| PB 0x0000000080500000| Untracked 
|   6|0x0000000080600000, 0x0000000080700000, 0x0000000080700000|100%|HS|  |TAMS 0x0000000080600000| PB 0x0000000080600000| Complete 
|   7|0x0000000080700000, 0x0000000080800000, 0x0000000080800000|100%| O|  |TAMS 0x0000000080700000| PB 0x0000000080700000| Untracked 
|   8|0x0000000080800000, 0x0000000080900000, 0x0000000080900000|100%| O|  |TAMS 0x0000000080800000| PB 0x0000000080800000| Untracked 
|   9|0x0000000080900000, 0x0000000080a00000, 0x0000000080a00000|100%| O|  |TAMS 0x0000000080900000| PB 0x0000000080900000| Untracked 
|  10|0x0000000080a00000, 0x0000000080b00000, 0x0000000080b00000|100%| O|  |TAMS 0x0000000080a00000| PB 0x0000000080a00000| Untracked 
|  11|0x0000000080b00000, 0x0000000080c00000, 0x0000000080c00000|100%| O|  |TAMS 0x0000000080b00000| PB 0x0000000080b00000| Untracked 
|  12|0x0000000080c00000, 0x0000000080d00000, 0x0000000080d00000|100%| O|  |TAMS 0x0000000080c00000| PB 0x0000000080c00000| Untracked 
|  13|0x0000000080d00000, 0x0000000080e00000, 0x0000000080e00000|100%| O|  |TAMS 0x0000000080d00000| PB 0x0000000080d00000| Untracked 
|  14|0x0000000080e00000, 0x0000000080f00000, 0x0000000080f00000|100%| O|  |TAMS 0x0000000080e00000| PB 0x0000000080e00000| Untracked 
|  15|0x0000000080f00000, 0x0000000081000000, 0x0000000081000000|100%| O|  |TAMS 0x0000000080f00000| PB 0x0000000080f00000| Untracked 
|  16|0x0000000081000000, 0x0000000081100000, 0x0000000081100000|100%| O|  |TAMS 0x0000000081000000| PB 0x0000000081000000| Untracked 
|  17|0x0000000081100000, 0x0000000081200000, 0x0000000081200000|100%| O|  |TAMS 0x0000000081100000| PB 0x0000000081100000| Untracked 
|  18|0x0000000081200000, 0x0000000081300000, 0x0000000081300000|100%| O|  |TAMS 0x0000000081200000| PB 0x0000000081200000| Untracked 
|  19|0x0000000081300000, 0x0000000081400000, 0x0000000081400000|100%| O|  |TAMS 0x0000000081300000| PB 0x0000000081300000| Untracked 
|  20|0x0000000081400000, 0x0000000081500000, 0x0000000081500000|100%| O|  |TAMS 0x0000000081400000| PB 0x0000000081400000| Untracked 
|  21|0x0000000081500000, 0x0000000081600000, 0x0000000081600000|100%| O|  |TAMS 0x0000000081500000| PB 0x0000000081500000| Untracked 
|  22|0x0000000081600000, 0x0000000081700000, 0x0000000081700000|100%| O|  |TAMS 0x0000000081600000| PB 0x0000000081600000| Untracked 
|  23|0x0000000081700000, 0x0000000081800000, 0x0000000081800000|100%| O|  |TAMS 0x0000000081700000| PB 0x0000000081700000| Untracked 
|  24|0x0000000081800000, 0x0000000081900000, 0x0000000081900000|100%| O|  |TAMS 0x0000000081800000| PB 0x0000000081800000| Untracked 
|  25|0x0000000081900000, 0x0000000081a00000, 0x0000000081a00000|100%| O|  |TAMS 0x0000000081900000| PB 0x0000000081900000| Untracked 
|  26|0x0000000081a00000, 0x0000000081b00000, 0x0000000081b00000|100%| O|  |TAMS 0x0000000081a00000| PB 0x0000000081a00000| Untracked 
|  27|0x0000000081b00000, 0x0000000081c00000, 0x0000000081c00000|100%| O|  |TAMS 0x0000000081b00000| PB 0x0000000081b00000| Untracked 
|  28|0x0000000081c00000, 0x0000000081d00000, 0x0000000081d00000|100%| O|  |TAMS 0x0000000081c00000| PB 0x0000000081c00000| Untracked 
|  29|0x0000000081d00000, 0x0000000081e00000, 0x0000000081e00000|100%| O|  |TAMS 0x0000000081d00000| PB 0x0000000081d00000| Untracked 
|  30|0x0000000081e00000, 0x0000000081f00000, 0x0000000081f00000|100%| O|  |TAMS 0x0000000081e00000| PB 0x0000000081e00000| Untracked 
|  31|0x0000000081f00000, 0x0000000082000000, 0x0000000082000000|100%| O|Cm|TAMS 0x0000000081f00000| PB 0x0000000081f00000| Complete 
|  32|0x0000000082000000, 0x0000000082100000, 0x0000000082100000|100%| O|  |TAMS 0x0000000082000000| PB 0x0000000082000000| Untracked 
|  33|0x0000000082100000, 0x0000000082200000, 0x0000000082200000|100%| O|  |TAMS 0x0000000082100000| PB 0x0000000082100000| Untracked 
|  34|0x0000000082200000, 0x0000000082300000, 0x0000000082300000|100%| O|  |TAMS 0x0000000082200000| PB 0x0000000082200000| Untracked 
|  35|0x0000000082300000, 0x0000000082400000, 0x0000000082400000|100%| O|  |TAMS 0x0000000082300000| PB 0x0000000082300000| Untracked 
|  36|0x0000000082400000, 0x0000000082500000, 0x0000000082500000|100%| O|  |TAMS 0x0000000082400000| PB 0x0000000082400000| Untracked 
|  37|0x0000000082500000, 0x0000000082600000, 0x0000000082600000|100%| O|  |TAMS 0x0000000082500000| PB 0x0000000082500000| Untracked 
|  38|0x0000000082600000, 0x0000000082700000, 0x0000000082700000|100%| O|  |TAMS 0x0000000082600000| PB 0x0000000082600000| Untracked 
|  39|0x0000000082700000, 0x0000000082800000, 0x0000000082800000|100%|HS|  |TAMS 0x0000000082700000| PB 0x0000000082700000| Complete 
|  40|0x0000000082800000, 0x0000000082900000, 0x0000000082900000|100%| O|  |TAMS 0x0000000082800000| PB 0x0000000082800000| Untracked 
|  41|0x0000000082900000, 0x0000000082a00000, 0x0000000082a00000|100%| O|  |TAMS 0x0000000082900000| PB 0x0000000082900000| Untracked 
|  42|0x0000000082a00000, 0x0000000082b00000, 0x0000000082b00000|100%| O|  |TAMS 0x0000000082a00000| PB 0x0000000082a00000| Untracked 
|  43|0x0000000082b00000, 0x0000000082c00000, 0x0000000082c00000|100%| O|  |TAMS 0x0000000082b00000| PB 0x0000000082b00000| Untracked 
|  44|0x0000000082c00000, 0x0000000082d00000, 0x0000000082d00000|100%| O|  |TAMS 0x0000000082c00000| PB 0x0000000082c00000| Untracked 
|  45|0x0000000082d00000, 0x0000000082e00000, 0x0000000082e00000|100%| O|  |TAMS 0x0000000082d00000| PB 0x0000000082d00000| Untracked 
|  46|0x0000000082e00000, 0x0000000082f00000, 0x0000000082f00000|100%| O|  |TAMS 0x0000000082e00000| PB 0x0000000082e00000| Untracked 
|  47|0x0000000082f00000, 0x0000000083000000, 0x0000000083000000|100%| O|  |TAMS 0x0000000082f00000| PB 0x0000000082f00000| Untracked 
|  48|0x0000000083000000, 0x0000000083100000, 0x0000000083100000|100%|HS|  |TAMS 0x0000000083000000| PB 0x0000000083000000| Complete 
|  49|0x0000000083100000, 0x0000000083200000, 0x0000000083200000|100%|HS|  |TAMS 0x0000000083100000| PB 0x0000000083100000| Complete 
|  50|0x0000000083200000, 0x0000000083300000, 0x0000000083300000|100%|HC|  |TAMS 0x0000000083200000| PB 0x0000000083200000| Complete 
|  51|0x0000000083300000, 0x0000000083400000, 0x0000000083400000|100%|HS|  |TAMS 0x0000000083300000| PB 0x0000000083300000| Complete 
|  52|0x0000000083400000, 0x0000000083500000, 0x0000000083500000|100%|HC|  |TAMS 0x0000000083400000| PB 0x0000000083400000| Complete 
|  53|0x0000000083500000, 0x0000000083600000, 0x0000000083600000|100%|HS|  |TAMS 0x0000000083500000| PB 0x0000000083500000| Complete 
|  54|0x0000000083600000, 0x0000000083700000, 0x0000000083700000|100%| O|  |TAMS 0x0000000083600000| PB 0x0000000083600000| Untracked 
|  55|0x0000000083700000, 0x0000000083800000, 0x0000000083800000|100%|HS|  |TAMS 0x0000000083700000| PB 0x0000000083700000| Complete 
|  56|0x0000000083800000, 0x0000000083900000, 0x0000000083900000|100%|HS|  |TAMS 0x0000000083800000| PB 0x0000000083800000| Complete 
|  57|0x0000000083900000, 0x0000000083a00000, 0x0000000083a00000|100%| O|  |TAMS 0x0000000083900000| PB 0x0000000083900000| Untracked 
|  58|0x0000000083a00000, 0x0000000083b00000, 0x0000000083b00000|100%| O|  |TAMS 0x0000000083a00000| PB 0x0000000083a00000| Untracked 
|  59|0x0000000083b00000, 0x0000000083c00000, 0x0000000083c00000|100%| O|  |TAMS 0x0000000083b00000| PB 0x0000000083b00000| Untracked 
|  60|0x0000000083c00000, 0x0000000083d00000, 0x0000000083d00000|100%|HS|  |TAMS 0x0000000083c00000| PB 0x0000000083c00000| Complete 
|  61|0x0000000083d00000, 0x0000000083e00000, 0x0000000083e00000|100%|HC|  |TAMS 0x0000000083d00000| PB 0x0000000083d00000| Complete 
|  62|0x0000000083e00000, 0x0000000083f00000, 0x0000000083f00000|100%|HC|  |TAMS 0x0000000083e00000| PB 0x0000000083e00000| Complete 
|  63|0x0000000083f00000, 0x0000000084000000, 0x0000000084000000|100%|HS|  |TAMS 0x0000000083f00000| PB 0x0000000083f00000| Complete 
|  64|0x0000000084000000, 0x0000000084100000, 0x0000000084100000|100%| O|  |TAMS 0x0000000084000000| PB 0x0000000084000000| Untracked 
|  65|0x0000000084100000, 0x0000000084200000, 0x0000000084200000|100%| O|  |TAMS 0x0000000084100000| PB 0x0000000084100000| Untracked 
|  66|0x0000000084200000, 0x0000000084300000, 0x0000000084300000|100%| O|  |TAMS 0x0000000084200000| PB 0x0000000084200000| Untracked 
|  67|0x0000000084300000, 0x0000000084400000, 0x0000000084400000|100%| O|Cm|TAMS 0x0000000084300000| PB 0x0000000084300000| Complete 
|  68|0x0000000084400000, 0x0000000084500000, 0x0000000084500000|100%| O|  |TAMS 0x0000000084400000| PB 0x0000000084400000| Untracked 
|  69|0x0000000084500000, 0x0000000084600000, 0x0000000084600000|100%| O|  |TAMS 0x0000000084500000| PB 0x0000000084500000| Untracked 
|  70|0x0000000084600000, 0x0000000084700000, 0x0000000084700000|100%|HS|  |TAMS 0x0000000084600000| PB 0x0000000084600000| Complete 
|  71|0x0000000084700000, 0x0000000084800000, 0x0000000084800000|100%| O|  |TAMS 0x0000000084700000| PB 0x0000000084700000| Untracked 
|  72|0x0000000084800000, 0x0000000084900000, 0x0000000084900000|100%| O|  |TAMS 0x0000000084800000| PB 0x0000000084800000| Untracked 
|  73|0x0000000084900000, 0x0000000084a00000, 0x0000000084a00000|100%| O|  |TAMS 0x0000000084900000| PB 0x0000000084900000| Untracked 
|  74|0x0000000084a00000, 0x0000000084b00000, 0x0000000084b00000|100%|HS|  |TAMS 0x0000000084a00000| PB 0x0000000084a00000| Complete 
|  75|0x0000000084b00000, 0x0000000084c00000, 0x0000000084c00000|100%|HC|  |TAMS 0x0000000084b00000| PB 0x0000000084b00000| Complete 
|  76|0x0000000084c00000, 0x0000000084d00000, 0x0000000084d00000|100%|HC|  |TAMS 0x0000000084c00000| PB 0x0000000084c00000| Complete 
|  77|0x0000000084d00000, 0x0000000084e00000, 0x0000000084e00000|100%| O|  |TAMS 0x0000000084d00000| PB 0x0000000084d00000| Untracked 
|  78|0x0000000084e00000, 0x0000000084f00000, 0x0000000084f00000|100%| O|  |TAMS 0x0000000084e00000| PB 0x0000000084e00000| Untracked 
|  79|0x0000000084f00000, 0x0000000085000000, 0x0000000085000000|100%| O|  |TAMS 0x0000000084f00000| PB 0x0000000084f00000| Untracked 
|  80|0x0000000085000000, 0x0000000085100000, 0x0000000085100000|100%| O|  |TAMS 0x0000000085000000| PB 0x0000000085000000| Untracked 
|  81|0x0000000085100000, 0x0000000085200000, 0x0000000085200000|100%| O|  |TAMS 0x0000000085100000| PB 0x0000000085100000| Untracked 
|  82|0x0000000085200000, 0x0000000085300000, 0x0000000085300000|100%| O|  |TAMS 0x0000000085200000| PB 0x0000000085200000| Untracked 
|  83|0x0000000085300000, 0x0000000085400000, 0x0000000085400000|100%| O|  |TAMS 0x0000000085300000| PB 0x0000000085300000| Untracked 
|  84|0x0000000085400000, 0x0000000085500000, 0x0000000085500000|100%| O|  |TAMS 0x0000000085400000| PB 0x0000000085400000| Untracked 
|  85|0x0000000085500000, 0x0000000085600000, 0x0000000085600000|100%| O|  |TAMS 0x0000000085500000| PB 0x0000000085500000| Untracked 
|  86|0x0000000085600000, 0x0000000085700000, 0x0000000085700000|100%|HS|  |TAMS 0x0000000085600000| PB 0x0000000085600000| Complete 
|  87|0x0000000085700000, 0x0000000085800000, 0x0000000085800000|100%| O|  |TAMS 0x0000000085700000| PB 0x0000000085700000| Untracked 
|  88|0x0000000085800000, 0x0000000085900000, 0x0000000085900000|100%| O|  |TAMS 0x0000000085800000| PB 0x0000000085800000| Untracked 
|  89|0x0000000085900000, 0x0000000085a00000, 0x0000000085a00000|100%| O|  |TAMS 0x0000000085900000| PB 0x0000000085900000| Untracked 
|  90|0x0000000085a00000, 0x0000000085b00000, 0x0000000085b00000|100%| O|  |TAMS 0x0000000085a00000| PB 0x0000000085a00000| Untracked 
|  91|0x0000000085b00000, 0x0000000085c00000, 0x0000000085c00000|100%| O|  |TAMS 0x0000000085b00000| PB 0x0000000085b00000| Untracked 
|  92|0x0000000085c00000, 0x0000000085d00000, 0x0000000085d00000|100%| O|  |TAMS 0x0000000085c00000| PB 0x0000000085c00000| Untracked 
|  93|0x0000000085d00000, 0x0000000085e00000, 0x0000000085e00000|100%| O|  |TAMS 0x0000000085d00000| PB 0x0000000085d00000| Untracked 
|  94|0x0000000085e00000, 0x0000000085f00000, 0x0000000085f00000|100%| O|  |TAMS 0x0000000085e00000| PB 0x0000000085e00000| Untracked 
|  95|0x0000000085f00000, 0x0000000086000000, 0x0000000086000000|100%| O|  |TAMS 0x0000000085f00000| PB 0x0000000085f00000| Untracked 
|  96|0x0000000086000000, 0x0000000086100000, 0x0000000086100000|100%| O|  |TAMS 0x0000000086000000| PB 0x0000000086000000| Untracked 
|  97|0x0000000086100000, 0x0000000086200000, 0x0000000086200000|100%| O|  |TAMS 0x0000000086100000| PB 0x0000000086100000| Untracked 
|  98|0x0000000086200000, 0x0000000086300000, 0x0000000086300000|100%| O|Cm|TAMS 0x0000000086200000| PB 0x0000000086200000| Complete 
|  99|0x0000000086300000, 0x0000000086400000, 0x0000000086400000|100%| O|  |TAMS 0x0000000086300000| PB 0x0000000086300000| Untracked 
| 100|0x0000000086400000, 0x0000000086500000, 0x0000000086500000|100%| O|  |TAMS 0x0000000086400000| PB 0x0000000086400000| Untracked 
| 101|0x0000000086500000, 0x0000000086600000, 0x0000000086600000|100%| O|  |TAMS 0x0000000086500000| PB 0x0000000086500000| Untracked 
| 102|0x0000000086600000, 0x0000000086700000, 0x0000000086700000|100%| O|  |TAMS 0x0000000086600000| PB 0x0000000086600000| Untracked 
| 103|0x0000000086700000, 0x0000000086800000, 0x0000000086800000|100%| O|  |TAMS 0x0000000086700000| PB 0x0000000086700000| Untracked 
| 104|0x0000000086800000, 0x0000000086900000, 0x0000000086900000|100%| O|  |TAMS 0x0000000086800000| PB 0x0000000086800000| Untracked 
| 105|0x0000000086900000, 0x0000000086963290, 0x0000000086a00000| 38%| O|  |TAMS 0x0000000086900000| PB 0x0000000086900000| Untracked 
| 106|0x0000000086a00000, 0x0000000086b00000, 0x0000000086b00000|100%|HS|  |TAMS 0x0000000086a00000| PB 0x0000000086a00000| Complete 
| 107|0x0000000086b00000, 0x0000000086c00000, 0x0000000086c00000|100%|HS|  |TAMS 0x0000000086b00000| PB 0x0000000086b00000| Complete 
| 108|0x0000000086c00000, 0x0000000086d00000, 0x0000000086d00000|100%|HS|  |TAMS 0x0000000086c00000| PB 0x0000000086c00000| Complete 
| 109|0x0000000086d00000, 0x0000000086e00000, 0x0000000086e00000|100%|HS|  |TAMS 0x0000000086d00000| PB 0x0000000086d00000| Complete 
| 110|0x0000000086e00000, 0x0000000086e00000, 0x0000000086f00000|  0%| F|  |TAMS 0x0000000086e00000| PB 0x0000000086e00000| Untracked 
| 111|0x0000000086f00000, 0x0000000086f00000, 0x0000000087000000|  0%| F|  |TAMS 0x0000000086f00000| PB 0x0000000086f00000| Untracked 
| 112|0x0000000087000000, 0x0000000087000000, 0x0000000087100000|  0%| F|  |TAMS 0x0000000087000000| PB 0x0000000087000000| Untracked 
| 113|0x0000000087100000, 0x0000000087100000, 0x0000000087200000|  0%| F|  |TAMS 0x0000000087100000| PB 0x0000000087100000| Untracked 
| 114|0x0000000087200000, 0x0000000087200000, 0x0000000087300000|  0%| F|  |TAMS 0x0000000087200000| PB 0x0000000087200000| Untracked 
| 115|0x0000000087300000, 0x0000000087300000, 0x0000000087400000|  0%| F|  |TAMS 0x0000000087300000| PB 0x0000000087300000| Untracked 
| 116|0x0000000087400000, 0x0000000087400000, 0x0000000087500000|  0%| F|  |TAMS 0x0000000087400000| PB 0x0000000087400000| Untracked 
| 117|0x0000000087500000, 0x0000000087500000, 0x0000000087600000|  0%| F|  |TAMS 0x0000000087500000| PB 0x0000000087500000| Untracked 
| 118|0x0000000087600000, 0x0000000087600000, 0x0000000087700000|  0%| F|  |TAMS 0x0000000087600000| PB 0x0000000087600000| Untracked 
| 119|0x0000000087700000, 0x0000000087700000, 0x0000000087800000|  0%| F|  |TAMS 0x0000000087700000| PB 0x0000000087700000| Untracked 
| 120|0x0000000087800000, 0x0000000087800000, 0x0000000087900000|  0%| F|  |TAMS 0x0000000087800000| PB 0x0000000087800000| Untracked 
| 121|0x0000000087900000, 0x0000000087900000, 0x0000000087a00000|  0%| F|  |TAMS 0x0000000087900000| PB 0x0000000087900000| Untracked 
| 122|0x0000000087a00000, 0x0000000087a00000, 0x0000000087b00000|  0%| F|  |TAMS 0x0000000087a00000| PB 0x0000000087a00000| Untracked 
| 123|0x0000000087b00000, 0x0000000087b00000, 0x0000000087c00000|  0%| F|  |TAMS 0x0000000087b00000| PB 0x0000000087b00000| Untracked 
| 124|0x0000000087c00000, 0x0000000087c00000, 0x0000000087d00000|  0%| F|  |TAMS 0x0000000087c00000| PB 0x0000000087c00000| Untracked 
| 125|0x0000000087d00000, 0x0000000087d00000, 0x0000000087e00000|  0%| F|  |TAMS 0x0000000087d00000| PB 0x0000000087d00000| Untracked 
| 126|0x0000000087e00000, 0x0000000087e00000, 0x0000000087f00000|  0%| F|  |TAMS 0x0000000087e00000| PB 0x0000000087e00000| Untracked 
| 127|0x0000000087f00000, 0x0000000087f00000, 0x0000000088000000|  0%| F|  |TAMS 0x0000000087f00000| PB 0x0000000087f00000| Untracked 
| 128|0x0000000088000000, 0x0000000088000000, 0x0000000088100000|  0%| F|  |TAMS 0x0000000088000000| PB 0x0000000088000000| Untracked 
| 129|0x0000000088100000, 0x0000000088100000, 0x0000000088200000|  0%| F|  |TAMS 0x0000000088100000| PB 0x0000000088100000| Untracked 
| 130|0x0000000088200000, 0x0000000088200000, 0x0000000088300000|  0%| F|  |TAMS 0x0000000088200000| PB 0x0000000088200000| Untracked 
| 131|0x0000000088300000, 0x0000000088300000, 0x0000000088400000|  0%| F|  |TAMS 0x0000000088300000| PB 0x0000000088300000| Untracked 
| 132|0x0000000088400000, 0x0000000088400000, 0x0000000088500000|  0%| F|  |TAMS 0x0000000088400000| PB 0x0000000088400000| Untracked 
| 133|0x0000000088500000, 0x0000000088500000, 0x0000000088600000|  0%| F|  |TAMS 0x0000000088500000| PB 0x0000000088500000| Untracked 
| 134|0x0000000088600000, 0x0000000088600000, 0x0000000088700000|  0%| F|  |TAMS 0x0000000088600000| PB 0x0000000088600000| Untracked 
| 135|0x0000000088700000, 0x0000000088700000, 0x0000000088800000|  0%| F|  |TAMS 0x0000000088700000| PB 0x0000000088700000| Untracked 
| 136|0x0000000088800000, 0x0000000088800000, 0x0000000088900000|  0%| F|  |TAMS 0x0000000088800000| PB 0x0000000088800000| Untracked 
| 137|0x0000000088900000, 0x0000000088900000, 0x0000000088a00000|  0%| F|  |TAMS 0x0000000088900000| PB 0x0000000088900000| Untracked 
| 138|0x0000000088a00000, 0x0000000088a00000, 0x0000000088b00000|  0%| F|  |TAMS 0x0000000088a00000| PB 0x0000000088a00000| Untracked 
| 139|0x0000000088b00000, 0x0000000088b00000, 0x0000000088c00000|  0%| F|  |TAMS 0x0000000088b00000| PB 0x0000000088b00000| Untracked 
| 140|0x0000000088c00000, 0x0000000088c00000, 0x0000000088d00000|  0%| F|  |TAMS 0x0000000088c00000| PB 0x0000000088c00000| Untracked 
| 141|0x0000000088d00000, 0x0000000088d00000, 0x0000000088e00000|  0%| F|  |TAMS 0x0000000088d00000| PB 0x0000000088d00000| Untracked 
| 142|0x0000000088e00000, 0x0000000088e00000, 0x0000000088f00000|  0%| F|  |TAMS 0x0000000088e00000| PB 0x0000000088e00000| Untracked 
| 143|0x0000000088f00000, 0x0000000088f00000, 0x0000000089000000|  0%| F|  |TAMS 0x0000000088f00000| PB 0x0000000088f00000| Untracked 
| 144|0x0000000089000000, 0x0000000089000000, 0x0000000089100000|  0%| F|  |TAMS 0x0000000089000000| PB 0x0000000089000000| Untracked 
| 145|0x0000000089100000, 0x0000000089100000, 0x0000000089200000|  0%| F|  |TAMS 0x0000000089100000| PB 0x0000000089100000| Untracked 
| 146|0x0000000089200000, 0x0000000089200000, 0x0000000089300000|  0%| F|  |TAMS 0x0000000089200000| PB 0x0000000089200000| Untracked 
| 147|0x0000000089300000, 0x0000000089300000, 0x0000000089400000|  0%| F|  |TAMS 0x0000000089300000| PB 0x0000000089300000| Untracked 
| 148|0x0000000089400000, 0x0000000089400000, 0x0000000089500000|  0%| F|  |TAMS 0x0000000089400000| PB 0x0000000089400000| Untracked 
| 149|0x0000000089500000, 0x0000000089500000, 0x0000000089600000|  0%| F|  |TAMS 0x0000000089500000| PB 0x0000000089500000| Untracked 
| 150|0x0000000089600000, 0x0000000089600000, 0x0000000089700000|  0%| F|  |TAMS 0x0000000089600000| PB 0x0000000089600000| Untracked 
| 151|0x0000000089700000, 0x0000000089700000, 0x0000000089800000|  0%| F|  |TAMS 0x0000000089700000| PB 0x0000000089700000| Untracked 
| 152|0x0000000089800000, 0x0000000089800000, 0x0000000089900000|  0%| F|  |TAMS 0x0000000089800000| PB 0x0000000089800000| Untracked 
| 153|0x0000000089900000, 0x0000000089900000, 0x0000000089a00000|  0%| F|  |TAMS 0x0000000089900000| PB 0x0000000089900000| Untracked 
| 154|0x0000000089a00000, 0x0000000089a00000, 0x0000000089b00000|  0%| F|  |TAMS 0x0000000089a00000| PB 0x0000000089a00000| Untracked 
| 155|0x0000000089b00000, 0x0000000089b00000, 0x0000000089c00000|  0%| F|  |TAMS 0x0000000089b00000| PB 0x0000000089b00000| Untracked 
| 156|0x0000000089c00000, 0x0000000089c00000, 0x0000000089d00000|  0%| F|  |TAMS 0x0000000089c00000| PB 0x0000000089c00000| Untracked 
| 157|0x0000000089d00000, 0x0000000089d00000, 0x0000000089e00000|  0%| F|  |TAMS 0x0000000089d00000| PB 0x0000000089d00000| Untracked 
| 158|0x0000000089e00000, 0x0000000089e00000, 0x0000000089f00000|  0%| F|  |TAMS 0x0000000089e00000| PB 0x0000000089e00000| Untracked 
| 159|0x0000000089f00000, 0x0000000089f00000, 0x000000008a000000|  0%| F|  |TAMS 0x0000000089f00000| PB 0x0000000089f00000| Untracked 
| 160|0x000000008a000000, 0x000000008a000000, 0x000000008a100000|  0%| F|  |TAMS 0x000000008a000000| PB 0x000000008a000000| Untracked 
| 161|0x000000008a100000, 0x000000008a100000, 0x000000008a200000|  0%| F|  |TAMS 0x000000008a100000| PB 0x000000008a100000| Untracked 
| 162|0x000000008a200000, 0x000000008a200000, 0x000000008a300000|  0%| F|  |TAMS 0x000000008a200000| PB 0x000000008a200000| Untracked 
| 163|0x000000008a300000, 0x000000008a300000, 0x000000008a400000|  0%| F|  |TAMS 0x000000008a300000| PB 0x000000008a300000| Untracked 
| 164|0x000000008a400000, 0x000000008a400000, 0x000000008a500000|  0%| F|  |TAMS 0x000000008a400000| PB 0x000000008a400000| Untracked 
| 165|0x000000008a500000, 0x000000008a500000, 0x000000008a600000|  0%| F|  |TAMS 0x000000008a500000| PB 0x000000008a500000| Untracked 
| 166|0x000000008a600000, 0x000000008a600000, 0x000000008a700000|  0%| F|  |TAMS 0x000000008a600000| PB 0x000000008a600000| Untracked 
| 167|0x000000008a700000, 0x000000008a700000, 0x000000008a800000|  0%| F|  |TAMS 0x000000008a700000| PB 0x000000008a700000| Untracked 
| 168|0x000000008a800000, 0x000000008a800000, 0x000000008a900000|  0%| F|  |TAMS 0x000000008a800000| PB 0x000000008a800000| Untracked 
| 169|0x000000008a900000, 0x000000008a900000, 0x000000008aa00000|  0%| F|  |TAMS 0x000000008a900000| PB 0x000000008a900000| Untracked 
| 170|0x000000008aa00000, 0x000000008aa00000, 0x000000008ab00000|  0%| F|  |TAMS 0x000000008aa00000| PB 0x000000008aa00000| Untracked 
| 171|0x000000008ab00000, 0x000000008ab00000, 0x000000008ac00000|  0%| F|  |TAMS 0x000000008ab00000| PB 0x000000008ab00000| Untracked 
| 172|0x000000008ac00000, 0x000000008ac00000, 0x000000008ad00000|  0%| F|  |TAMS 0x000000008ac00000| PB 0x000000008ac00000| Untracked 
| 173|0x000000008ad00000, 0x000000008ad00000, 0x000000008ae00000|  0%| F|  |TAMS 0x000000008ad00000| PB 0x000000008ad00000| Untracked 
| 174|0x000000008ae00000, 0x000000008ae00000, 0x000000008af00000|  0%| F|  |TAMS 0x000000008ae00000| PB 0x000000008ae00000| Untracked 
| 175|0x000000008af00000, 0x000000008af00000, 0x000000008b000000|  0%| F|  |TAMS 0x000000008af00000| PB 0x000000008af00000| Untracked 
| 176|0x000000008b000000, 0x000000008b000000, 0x000000008b100000|  0%| F|  |TAMS 0x000000008b000000| PB 0x000000008b000000| Untracked 
| 177|0x000000008b100000, 0x000000008b100000, 0x000000008b200000|  0%| F|  |TAMS 0x000000008b100000| PB 0x000000008b100000| Untracked 
| 178|0x000000008b200000, 0x000000008b200000, 0x000000008b300000|  0%| F|  |TAMS 0x000000008b200000| PB 0x000000008b200000| Untracked 
| 179|0x000000008b300000, 0x000000008b354790, 0x000000008b400000| 32%| E|  |TAMS 0x000000008b300000| PB 0x000000008b300000| Complete 
| 180|0x000000008b400000, 0x000000008b500000, 0x000000008b500000|100%| E|CS|TAMS 0x000000008b400000| PB 0x000000008b400000| Complete 
| 181|0x000000008b500000, 0x000000008b600000, 0x000000008b600000|100%| E|CS|TAMS 0x000000008b500000| PB 0x000000008b500000| Complete 
| 182|0x000000008b600000, 0x000000008b700000, 0x000000008b700000|100%| E|CS|TAMS 0x000000008b600000| PB 0x000000008b600000| Complete 
| 183|0x000000008b700000, 0x000000008b800000, 0x000000008b800000|100%| E|CS|TAMS 0x000000008b700000| PB 0x000000008b700000| Complete 
| 184|0x000000008b800000, 0x000000008b900000, 0x000000008b900000|100%| E|CS|TAMS 0x000000008b800000| PB 0x000000008b800000| Complete 
| 185|0x000000008b900000, 0x000000008ba00000, 0x000000008ba00000|100%| E|CS|TAMS 0x000000008b900000| PB 0x000000008b900000| Complete 
| 186|0x000000008ba00000, 0x000000008bb00000, 0x000000008bb00000|100%| E|CS|TAMS 0x000000008ba00000| PB 0x000000008ba00000| Complete 
| 187|0x000000008bb00000, 0x000000008bc00000, 0x000000008bc00000|100%| E|CS|TAMS 0x000000008bb00000| PB 0x000000008bb00000| Complete 
| 188|0x000000008bc00000, 0x000000008bd00000, 0x000000008bd00000|100%| E|CS|TAMS 0x000000008bc00000| PB 0x000000008bc00000| Complete 
| 189|0x000000008bd00000, 0x000000008be00000, 0x000000008be00000|100%| E|CS|TAMS 0x000000008bd00000| PB 0x000000008bd00000| Complete 
| 190|0x000000008be00000, 0x000000008bf00000, 0x000000008bf00000|100%| E|CS|TAMS 0x000000008be00000| PB 0x000000008be00000| Complete 
| 191|0x000000008bf00000, 0x000000008c000000, 0x000000008c000000|100%| E|CS|TAMS 0x000000008bf00000| PB 0x000000008bf00000| Complete 
| 192|0x000000008c000000, 0x000000008c100000, 0x000000008c100000|100%| E|CS|TAMS 0x000000008c000000| PB 0x000000008c000000| Complete 
| 193|0x000000008c100000, 0x000000008c200000, 0x000000008c200000|100%| E|CS|TAMS 0x000000008c100000| PB 0x000000008c100000| Complete 
| 194|0x000000008c200000, 0x000000008c300000, 0x000000008c300000|100%| E|CS|TAMS 0x000000008c200000| PB 0x000000008c200000| Complete 
| 195|0x000000008c300000, 0x000000008c400000, 0x000000008c400000|100%| E|CS|TAMS 0x000000008c300000| PB 0x000000008c300000| Complete 
| 196|0x000000008c400000, 0x000000008c500000, 0x000000008c500000|100%| E|CS|TAMS 0x000000008c400000| PB 0x000000008c400000| Complete 
| 197|0x000000008c500000, 0x000000008c600000, 0x000000008c600000|100%| E|CS|TAMS 0x000000008c500000| PB 0x000000008c500000| Complete 
| 198|0x000000008c600000, 0x000000008c700000, 0x000000008c700000|100%| E|  |TAMS 0x000000008c600000| PB 0x000000008c600000| Complete 
| 199|0x000000008c700000, 0x000000008c800000, 0x000000008c800000|100%| E|CS|TAMS 0x000000008c700000| PB 0x000000008c700000| Complete 
| 200|0x000000008c800000, 0x000000008c900000, 0x000000008c900000|100%| E|CS|TAMS 0x000000008c800000| PB 0x000000008c800000| Complete 
| 201|0x000000008c900000, 0x000000008ca00000, 0x000000008ca00000|100%| E|CS|TAMS 0x000000008c900000| PB 0x000000008c900000| Complete 
| 202|0x000000008ca00000, 0x000000008cb00000, 0x000000008cb00000|100%| E|CS|TAMS 0x000000008ca00000| PB 0x000000008ca00000| Complete 
|2042|0x00000000ffa00000, 0x00000000ffb00000, 0x00000000ffb00000|100%| E|CS|TAMS 0x00000000ffa00000| PB 0x00000000ffa00000| Complete 
|2043|0x00000000ffb00000, 0x00000000ffc00000, 0x00000000ffc00000|100%| O|  |TAMS 0x00000000ffb00000| PB 0x00000000ffb00000| Untracked 
|2044|0x00000000ffc00000, 0x00000000ffd00000, 0x00000000ffd00000|100%| E|CS|TAMS 0x00000000ffc00000| PB 0x00000000ffc00000| Complete 
|2045|0x00000000ffd00000, 0x00000000ffe00000, 0x00000000ffe00000|100%| S|CS|TAMS 0x00000000ffd00000| PB 0x00000000ffd00000| Complete 
|2046|0x00000000ffe00000, 0x00000000fff00000, 0x00000000fff00000|100%| E|CS|TAMS 0x00000000ffe00000| PB 0x00000000ffe00000| Complete 
|2047|0x00000000fff00000, 0x0000000100000000, 0x0000000100000000|100%| O|  |TAMS 0x00000000fff00000| PB 0x00000000fff00000| Untracked 

Card table byte_map: [0x000002ba1dda0000,0x000002ba1e1a0000] _byte_map_base: 0x000002ba1d9a0000

Marking Bits: (CMBitMap*) 0x000002ba04764fd0
 Bits: [0x000002ba1e1a0000, 0x000002ba201a0000)

Polling page: 0x000002ba047e0000

Metaspace:

Usage:
  Non-class:     86.27 MB used.
      Class:     13.74 MB used.
       Both:    100.01 MB used.

Virtual space:
  Non-class space:      128.00 MB reserved,      87.38 MB ( 68%) committed,  2 nodes.
      Class space:        1.00 GB reserved,      14.88 MB (  1%) committed,  1 nodes.
             Both:        1.12 GB reserved,     102.25 MB (  9%) committed. 

Chunk freelists:
   Non-Class:  8.44 MB
       Class:  1.07 MB
        Both:  9.50 MB

MaxMetaspaceSize: unlimited
CompressedClassSpaceSize: 1.00 GB
Initial GC threshold: 21.00 MB
Current GC threshold: 167.12 MB
CDS: on
 - commit_granule_bytes: 65536.
 - commit_granule_words: 8192.
 - virtual_space_node_default_size: 8388608.
 - enlarge_chunks_in_place: 1.
 - use_allocation_guard: 0.


Internal statistics:

num_allocs_failed_limit: 6.
num_arena_births: 4258.
num_arena_deaths: 0.
num_vsnodes_births: 3.
num_vsnodes_deaths: 0.
num_space_committed: 1635.
num_space_uncommitted: 0.
num_chunks_returned_to_freelist: 6.
num_chunks_taken_from_freelist: 8958.
num_chunk_merges: 6.
num_chunk_splits: 5871.
num_chunks_enlarged: 3664.
num_inconsistent_stats: 0.

CodeHeap 'non-profiled nmethods': size=120000Kb used=6372Kb max_used=6372Kb free=113627Kb
 bounds [0x000002ba15e40000, 0x000002ba16480000, 0x000002ba1d370000]
CodeHeap 'profiled nmethods': size=120000Kb used=20854Kb max_used=20854Kb free=99145Kb
 bounds [0x000002ba0e370000, 0x000002ba0f7d0000, 0x000002ba158a0000]
CodeHeap 'non-nmethods': size=5760Kb used=2142Kb max_used=2256Kb free=3618Kb
 bounds [0x000002ba158a0000, 0x000002ba15b10000, 0x000002ba15e40000]
 total_blobs=11821 nmethods=10957 adapters=767
 compilation: enabled
              stopped_count=0, restarted_count=0
 full_count=0

Compilation events (20 events):
Event: 27.505 Thread 0x000002ba2299b730 nmethod 12768 0x000002ba0f28c410 code [0x000002ba0f28c5a0, 0x000002ba0f28c6a8]
Event: 27.505 Thread 0x000002ba2299b730 12769       3       kotlin.collections.ArraysKt___ArraysKt::toSet (70 bytes)
Event: 27.506 Thread 0x000002ba2299b730 nmethod 12769 0x000002ba0f7b1910 code [0x000002ba0f7b1be0, 0x000002ba0f7b2860]
Event: 27.506 Thread 0x000002ba2299b730 12770       3       kotlin.collections.SetsKt__SetsKt::setOf (11 bytes)
Event: 27.506 Thread 0x000002ba2299b730 nmethod 12770 0x000002ba0f7b2d10 code [0x000002ba0f7b2f40, 0x000002ba0f7b3500]
Event: 27.506 Thread 0x000002ba2299b730 12772   !   3       org.gradle.api.internal.artifacts.ivyservice.resolveengine.graph.builder.ModuleResolveState::appendAttributes (67 bytes)
Event: 27.507 Thread 0x000002ba2299b730 nmethod 12772 0x000002ba0f7b3790 code [0x000002ba0f7b39a0, 0x000002ba0f7b4198]
Event: 27.507 Thread 0x000002ba2299b730 12771       3       java.lang.Long::compareTo (12 bytes)
Event: 27.507 Thread 0x000002ba2299b730 nmethod 12771 0x000002ba0f7b4510 code [0x000002ba0f7b46c0, 0x000002ba0f7b4938]
Event: 27.512 Thread 0x000002ba2299b730 12773       3       org.gradle.api.internal.artifacts.ivyservice.resolveengine.graph.builder.DependencyGraphBuilder::checkForModuleConflicts (42 bytes)
Event: 27.513 Thread 0x000002ba2299b730 nmethod 12773 0x000002ba0f7b4a10 code [0x000002ba0f7b4be0, 0x000002ba0f7b4e98]
Event: 27.515 Thread 0x000002ba2299b730 12774   !   3       org.gradle.internal.component.external.model.AbstractConfigurationMetadata::getConfigDependencies (50 bytes)
Event: 27.515 Thread 0x000002ba2299b730 nmethod 12774 0x000002ba0f7b5090 code [0x000002ba0f7b5260, 0x000002ba0f7b5740]
Event: 27.515 Thread 0x000002ba2299b730 12775       1       com.google.common.collect.RegularImmutableList::internalArray (5 bytes)
Event: 27.515 Thread 0x000002ba2299b730 nmethod 12775 0x000002ba16477f90 code [0x000002ba16478120, 0x000002ba164781e8]
Event: 27.515 Thread 0x000002ba2299b730 12776       1       com.google.common.collect.RegularImmutableList::internalArrayStart (2 bytes)
Event: 27.516 Thread 0x000002ba2299b730 nmethod 12776 0x000002ba16478290 code [0x000002ba16478420, 0x000002ba164784e8]
Event: 27.516 Thread 0x000002ba2299b730 12777       1       org.gradle.api.internal.artifacts.ivyservice.resolveengine.strict.StrictVersionConstraints$1::contains (2 bytes)
Event: 27.516 Thread 0x000002ba2299b730 nmethod 12777 0x000002ba16478590 code [0x000002ba16478720, 0x000002ba164787e8]
Event: 27.525 Thread 0x000002ba2299b730 12778       3       org.gradle.internal.component.model.ImmutableModuleSources::of (43 bytes)

GC Heap History (20 events):
Event: 17.223 GC heap before
{Heap before GC invocations=25 (full 0):
 garbage-first heap   total 138240K, used 129600K [0x0000000080000000, 0x0000000100000000)
  region size 1024K, 53 young (54272K), 4 survivors (4096K)
 Metaspace       used 68802K, committed 70784K, reserved 1114112K
  class space    used 9464K, committed 10432K, reserved 1048576K
}
Event: 17.237 GC heap after
{Heap after GC invocations=26 (full 0):
 garbage-first heap   total 169984K, used 79926K [0x0000000080000000, 0x0000000100000000)
  region size 1024K, 7 young (7168K), 7 survivors (7168K)
 Metaspace       used 68802K, committed 70784K, reserved 1114112K
  class space    used 9464K, committed 10432K, reserved 1048576K
}
Event: 19.730 GC heap before
{Heap before GC invocations=26 (full 0):
 garbage-first heap   total 169984K, used 151606K [0x0000000080000000, 0x0000000100000000)
  region size 1024K, 77 young (78848K), 7 survivors (7168K)
 Metaspace       used 75376K, committed 77376K, reserved 1179648K
  class space    used 10296K, committed 11328K, reserved 1048576K
}
Event: 19.743 GC heap after
{Heap after GC invocations=27 (full 0):
 garbage-first heap   total 169984K, used 84483K [0x0000000080000000, 0x0000000100000000)
  region size 1024K, 9 young (9216K), 9 survivors (9216K)
 Metaspace       used 75376K, committed 77376K, reserved 1179648K
  class space    used 10296K, committed 11328K, reserved 1048576K
}
Event: 20.088 GC heap before
{Heap before GC invocations=27 (full 0):
 garbage-first heap   total 169984K, used 103939K [0x0000000080000000, 0x0000000100000000)
  region size 1024K, 29 young (29696K), 9 survivors (9216K)
 Metaspace       used 76783K, committed 78784K, reserved 1179648K
  class space    used 10477K, committed 11520K, reserved 1048576K
}
Event: 20.098 GC heap after
{Heap after GC invocations=28 (full 0):
 garbage-first heap   total 169984K, used 84885K [0x0000000080000000, 0x0000000100000000)
  region size 1024K, 5 young (5120K), 5 survivors (5120K)
 Metaspace       used 76783K, committed 78784K, reserved 1179648K
  class space    used 10477K, committed 11520K, reserved 1048576K
}
Event: 21.426 GC heap before
{Heap before GC invocations=29 (full 0):
 garbage-first heap   total 169984K, used 157589K [0x0000000080000000, 0x0000000100000000)
  region size 1024K, 73 young (74752K), 5 survivors (5120K)
 Metaspace       used 79578K, committed 81664K, reserved 1179648K
  class space    used 10858K, committed 11904K, reserved 1048576K
}
Event: 21.439 GC heap after
{Heap after GC invocations=30 (full 0):
 garbage-first heap   total 169984K, used 93622K [0x0000000080000000, 0x0000000100000000)
  region size 1024K, 10 young (10240K), 10 survivors (10240K)
 Metaspace       used 79578K, committed 81664K, reserved 1179648K
  class space    used 10858K, committed 11904K, reserved 1048576K
}
Event: 22.333 GC heap before
{Heap before GC invocations=30 (full 0):
 garbage-first heap   total 169984K, used 149942K [0x0000000080000000, 0x0000000100000000)
  region size 1024K, 65 young (66560K), 10 survivors (10240K)
 Metaspace       used 83730K, committed 85760K, reserved 1179648K
  class space    used 11509K, committed 12544K, reserved 1048576K
}
Event: 22.347 GC heap after
{Heap after GC invocations=31 (full 0):
 garbage-first heap   total 169984K, used 94973K [0x0000000080000000, 0x0000000100000000)
  region size 1024K, 2 young (2048K), 2 survivors (2048K)
 Metaspace       used 83730K, committed 85760K, reserved 1179648K
  class space    used 11509K, committed 12544K, reserved 1048576K
}
Event: 23.572 GC heap before
{Heap before GC invocations=31 (full 0):
 garbage-first heap   total 169984K, used 157437K [0x0000000080000000, 0x0000000100000000)
  region size 1024K, 63 young (64512K), 2 survivors (2048K)
 Metaspace       used 88144K, committed 90304K, reserved 1179648K
  class space    used 12204K, committed 13312K, reserved 1048576K
}
Event: 23.580 GC heap after
{Heap after GC invocations=32 (full 0):
 garbage-first heap   total 169984K, used 97818K [0x0000000080000000, 0x0000000100000000)
  region size 1024K, 5 young (5120K), 5 survivors (5120K)
 Metaspace       used 88144K, committed 90304K, reserved 1179648K
  class space    used 12204K, committed 13312K, reserved 1048576K
}
Event: 24.565 GC heap before
{Heap before GC invocations=33 (full 0):
 garbage-first heap   total 178176K, used 154138K [0x0000000080000000, 0x0000000100000000)
  region size 1024K, 60 young (61440K), 5 survivors (5120K)
 Metaspace       used 91970K, committed 94208K, reserved 1179648K
  class space    used 12794K, committed 13952K, reserved 1048576K
}
Event: 24.577 GC heap after
{Heap after GC invocations=34 (full 0):
 garbage-first heap   total 178176K, used 100626K [0x0000000080000000, 0x0000000100000000)
  region size 1024K, 6 young (6144K), 6 survivors (6144K)
 Metaspace       used 91970K, committed 94208K, reserved 1179648K
  class space    used 12794K, committed 13952K, reserved 1048576K
}
Event: 25.667 GC heap before
{Heap before GC invocations=34 (full 0):
 garbage-first heap   total 178176K, used 161042K [0x0000000080000000, 0x0000000100000000)
  region size 1024K, 65 young (66560K), 6 survivors (6144K)
 Metaspace       used 97012K, committed 99264K, reserved 1179648K
  class space    used 13473K, committed 14656K, reserved 1048576K
}
Event: 25.681 GC heap after
{Heap after GC invocations=35 (full 0):
 garbage-first heap   total 178176K, used 102442K [0x0000000080000000, 0x0000000100000000)
  region size 1024K, 7 young (7168K), 7 survivors (7168K)
 Metaspace       used 97012K, committed 99264K, reserved 1179648K
  class space    used 13473K, committed 14656K, reserved 1048576K
}
Event: 26.468 GC heap before
{Heap before GC invocations=35 (full 0):
 garbage-first heap   total 178176K, used 143402K [0x0000000080000000, 0x0000000100000000)
  region size 1024K, 49 young (50176K), 7 survivors (7168K)
 Metaspace       used 99433K, committed 101696K, reserved 1179648K
  class space    used 13728K, committed 14912K, reserved 1048576K
}
Event: 26.486 GC heap after
{Heap after GC invocations=36 (full 0):
 garbage-first heap   total 214016K, used 108715K [0x0000000080000000, 0x0000000100000000)
  region size 1024K, 8 young (8192K), 8 survivors (8192K)
 Metaspace       used 99433K, committed 101696K, reserved 1179648K
  class space    used 13728K, committed 14912K, reserved 1048576K
}
Event: 26.488 GC heap before
{Heap before GC invocations=36 (full 0):
 garbage-first heap   total 214016K, used 109739K [0x0000000080000000, 0x0000000100000000)
  region size 1024K, 9 young (9216K), 8 survivors (8192K)
 Metaspace       used 99433K, committed 101696K, reserved 1179648K
  class space    used 13728K, committed 14912K, reserved 1048576K
}
Event: 26.499 GC heap after
{Heap after GC invocations=37 (full 0):
 garbage-first heap   total 214016K, used 110988K [0x0000000080000000, 0x0000000100000000)
  region size 1024K, 1 young (1024K), 1 survivors (1024K)
 Metaspace       used 99433K, committed 101696K, reserved 1179648K
  class space    used 13728K, committed 14912K, reserved 1048576K
}

Dll operation events (15 events):
Event: 0.011 Loaded shared library C:\Program Files\Java\jdk-21\bin\java.dll
Event: 0.054 Loaded shared library C:\Program Files\Java\jdk-21\bin\jsvml.dll
Event: 0.129 Loaded shared library C:\Program Files\Java\jdk-21\bin\zip.dll
Event: 0.135 Loaded shared library C:\Program Files\Java\jdk-21\bin\instrument.dll
Event: 0.142 Loaded shared library C:\Program Files\Java\jdk-21\bin\net.dll
Event: 0.145 Loaded shared library C:\Program Files\Java\jdk-21\bin\nio.dll
Event: 0.147 Loaded shared library C:\Program Files\Java\jdk-21\bin\zip.dll
Event: 0.533 Loaded shared library C:\Program Files\Java\jdk-21\bin\jimage.dll
Event: 0.784 Loaded shared library C:\Program Files\Java\jdk-21\bin\verify.dll
Event: 1.038 Loaded shared library C:\Users\adria\.gradle\native\c067742578af261105cb4f569cf0c3c89f3d7b1fecec35dd04571415982c5e48\windows-amd64\native-platform.dll
Event: 1.055 Loaded shared library C:\Users\adria\.gradle\native\100fb08df4bc3b14c8652ba06237920a3bd2aa13389f12d3474272988ae205f9\windows-amd64\native-platform-file-events.dll
Event: 2.476 Loaded shared library C:\Program Files\Java\jdk-21\bin\management.dll
Event: 2.481 Loaded shared library C:\Program Files\Java\jdk-21\bin\management_ext.dll
Event: 2.779 Loaded shared library C:\Program Files\Java\jdk-21\bin\extnet.dll
Event: 2.991 Loaded shared library C:\Program Files\Java\jdk-21\bin\sunmscapi.dll

Deoptimization events (20 events):
Event: 27.193 Thread 0x000002ba6d918c90 DEOPT PACKING pc=0x000002ba1620a5b4 sp=0x000000e7a90fd890
Event: 27.193 Thread 0x000002ba6d918c90 DEOPT UNPACKING pc=0x000002ba158f46a2 sp=0x000000e7a90fd888 mode 2
Event: 27.211 Thread 0x000002ba6d918c90 DEOPT PACKING pc=0x000002ba0f51f93f sp=0x000000e7a90fb190
Event: 27.211 Thread 0x000002ba6d918c90 DEOPT UNPACKING pc=0x000002ba158f4e42 sp=0x000000e7a90fa668 mode 0
Event: 27.212 Thread 0x000002ba6d918c90 Uncommon trap: trap_request=0xffffff45 fr.pc=0x000002ba162097f4 relative=0x00000000000003b4
Event: 27.212 Thread 0x000002ba6d918c90 Uncommon trap: reason=unstable_if action=reinterpret pc=0x000002ba162097f4 method=org.gradle.internal.snapshot.ChildMap$Entry.handleAncestorDescendantOrExactMatch(Lorg/gradle/internal/snapshot/VfsRelativePath;Lorg/gradle/internal/snapshot/CaseSensitivity;
Event: 27.212 Thread 0x000002ba6d918c90 DEOPT PACKING pc=0x000002ba162097f4 sp=0x000000e7a90fa3d0
Event: 27.212 Thread 0x000002ba6d918c90 DEOPT UNPACKING pc=0x000002ba158f46a2 sp=0x000000e7a90fa3d0 mode 2
Event: 27.216 Thread 0x000002ba6d918c90 Uncommon trap: trap_request=0xffffff45 fr.pc=0x000002ba16260444 relative=0x0000000000000bc4
Event: 27.216 Thread 0x000002ba6d918c90 Uncommon trap: reason=unstable_if action=reinterpret pc=0x000002ba16260444 method=org.gradle.internal.file.FileHierarchySet$Node.isChildOfOrThis(Ljava/lang/String;I)Z @ 89 c2
Event: 27.217 Thread 0x000002ba6d918c90 DEOPT PACKING pc=0x000002ba16260444 sp=0x000000e7a90fa570
Event: 27.217 Thread 0x000002ba6d918c90 DEOPT UNPACKING pc=0x000002ba158f46a2 sp=0x000000e7a90fa4b8 mode 2
Event: 27.228 Thread 0x000002ba6d918c90 Uncommon trap: trap_request=0xffffff45 fr.pc=0x000002ba162e74e4 relative=0x0000000000000764
Event: 27.228 Thread 0x000002ba6d918c90 Uncommon trap: reason=unstable_if action=reinterpret pc=0x000002ba162e74e4 method=java.lang.ThreadLocal$ThreadLocalMap.set(Ljava/lang/ThreadLocal;Ljava/lang/Object;)V @ 125 c2
Event: 27.228 Thread 0x000002ba6d918c90 DEOPT PACKING pc=0x000002ba162e74e4 sp=0x000000e7a90fa8c0
Event: 27.228 Thread 0x000002ba6d918c90 DEOPT UNPACKING pc=0x000002ba158f46a2 sp=0x000000e7a90fa7f8 mode 2
Event: 27.341 Thread 0x000002ba6d918c90 Uncommon trap: trap_request=0xffffff76 fr.pc=0x000002ba164745fc relative=0x000000000000041c
Event: 27.341 Thread 0x000002ba6d918c90 Uncommon trap: reason=predicate action=maybe_recompile pc=0x000002ba164745fc method=java.util.AbstractCollection.toArray([Ljava/lang/Object;)[Ljava/lang/Object; @ 43 c2
Event: 27.341 Thread 0x000002ba6d918c90 DEOPT PACKING pc=0x000002ba164745fc sp=0x000000e7a90f8c30
Event: 27.341 Thread 0x000002ba6d918c90 DEOPT UNPACKING pc=0x000002ba158f46a2 sp=0x000000e7a90f8bd8 mode 2

Classes loaded (20 events):
Event: 25.333 Loading class java/net/InetAddress$CachedLookup
Event: 25.333 Loading class java/net/InetAddress$CachedLookup done
Event: 25.333 Loading class java/net/InetAddress$CachedLocalHost
Event: 25.333 Loading class java/net/InetAddress$CachedLocalHost done
Event: 26.025 Loading class java/util/TreeMap$KeySpliterator
Event: 26.025 Loading class java/util/TreeMap$TreeMapSpliterator
Event: 26.026 Loading class java/util/TreeMap$TreeMapSpliterator done
Event: 26.026 Loading class java/util/TreeMap$KeySpliterator done
Event: 26.454 Loading class java/util/HashMap$UnsafeHolder
Event: 26.454 Loading class java/util/HashMap$UnsafeHolder done
Event: 26.570 Loading class sun/nio/ch/ChannelOutputStream
Event: 26.571 Loading class sun/nio/ch/ChannelOutputStream done
Event: 26.574 Loading class java/util/concurrent/ConcurrentLinkedQueue$Itr
Event: 26.574 Loading class java/util/concurrent/ConcurrentLinkedQueue$Itr done
Event: 27.131 Loading class java/time/Instant$1
Event: 27.131 Loading class java/time/Instant$1 done
Event: 27.295 Loading class java/io/SequenceInputStream
Event: 27.295 Loading class java/io/SequenceInputStream done
Event: 27.308 Loading class java/util/function/IntUnaryOperator
Event: 27.309 Loading class java/util/function/IntUnaryOperator done

Classes unloaded (0 events):
No events

Classes redefined (0 events):
No events

Internal exceptions (20 events):
Event: 26.856 Thread 0x000002ba69698d10 Implicit null exception at 0x000002ba1645b600 to 0x000002ba16463f14
Event: 26.859 Thread 0x000002ba69698d10 Implicit null exception at 0x000002ba16430dc4 to 0x000002ba16430ea0
Event: 26.883 Thread 0x000002ba6d918c90 Exception <a 'java/lang/NoSuchMethodError'{0x000000008c7319d8}: 'java.lang.Object java.lang.invoke.DirectMethodHandle$Holder.newInvokeSpecial(java.lang.Object, java.lang.Object, int, java.lang.Object, java.lang.Object)'> (0x000000008c7319d8) 
thrown [s\open\src\hotspot\share\interpreter\linkResolver.cpp, line 773]
Event: 26.947 Thread 0x000002ba6d918c90 Exception <a 'java/lang/NoSuchMethodError'{0x000000008c43b680}: 'java.lang.Object java.lang.invoke.DirectMethodHandle$Holder.invokeVirtual(java.lang.Object, java.lang.Object, java.lang.Object, java.lang.Object, java.lang.Object, java.lang.Object, java.lang.Object, java.lang.Object, java.lang.Object, java.lang.Object, java.lang.Object, java.lang.Object, java.lang.Object, java.lang.Object, java.lang.Object, java.lang.Object, java.lang.Object, java.lang.Object, java.lang.Object)'> (0x000000008c43b680) 
thrown
Event: 26.969 Thread 0x000002ba697a1820 Exception <a 'java/lang/NoSuchMethodError'{0x000000008c35d138}: static Lorg/gradle/internal/build/event/types/DefaultTaskStartedProgressEvent;.<clinit>()V> (0x000000008c35d138) 
thrown [s\open\src\hotspot\share\prims\jni.cpp, line 1111]
Event: 26.971 Thread 0x000002ba697a1820 Exception <a 'java/lang/NoSuchMethodError'{0x000000008c368328}: static Lorg/gradle/internal/build/event/types/DefaultTaskDescriptor;.<clinit>()V> (0x000000008c368328) 
thrown [s\open\src\hotspot\share\prims\jni.cpp, line 1111]
Event: 26.998 Thread 0x000002ba697a1820 Exception <a 'java/lang/NoSuchMethodError'{0x000000008c208aa0}: static Lorg/gradle/internal/build/event/types/DefaultTaskFinishedProgressEvent;.<clinit>()V> (0x000000008c208aa0) 
thrown [s\open\src\hotspot\share\prims\jni.cpp, line 1111]
Event: 27.002 Thread 0x000002ba697a1820 Exception <a 'java/lang/NoSuchMethodError'{0x000000008c21ed60}: static Lorg/gradle/internal/build/event/types/DefaultTaskSuccessResult;.<clinit>()V> (0x000000008c21ed60) 
thrown [s\open\src\hotspot\share\prims\jni.cpp, line 1111]
Event: 27.002 Thread 0x000002ba697a1820 Exception <a 'java/lang/NoSuchMethodError'{0x000000008c2204a8}: static Lorg/gradle/internal/build/event/types/AbstractTaskResult;.<clinit>()V> (0x000000008c2204a8) 
thrown [s\open\src\hotspot\share\prims\jni.cpp, line 1111]
Event: 27.052 Thread 0x000002ba68b78530 Exception <a 'java/lang/NoSuchMethodError'{0x000000008c118690}: static Lcom/android/buildanalyzer/common/AndroidGradlePluginAttributionData$BuildInfo;.<clinit>()V> (0x000000008c118690) 
thrown [s\open\src\hotspot\share\prims\jni.cpp, line 1111]
Event: 27.052 Thread 0x000002ba6cdec690 Exception <a 'java/lang/NoSuchMethodError'{0x000000008c3e1570}: static Ljava/lang/Object;.<clinit>()V> (0x000000008c3e1570) 
thrown [s\open\src\hotspot\share\prims\jni.cpp, line 1111]
Event: 27.054 Thread 0x000002ba6cdec690 Exception <a 'java/lang/NoSuchMethodError'{0x000000008c3ec680}: static Lorg/jetbrains/kotlin/gradle/plugin/statistics/MetricContainer;.<clinit>()V> (0x000000008c3ec680) 
thrown [s\open\src\hotspot\share\prims\jni.cpp, line 1111]
Event: 27.058 Thread 0x000002ba68b78530 Exception <a 'java/lang/NoSuchMethodError'{0x000000008c190770}: static Lcom/android/buildanalyzer/common/AndroidGradlePluginAttributionData$JavaInfo;.<clinit>()V> (0x000000008c190770) 
thrown [s\open\src\hotspot\share\prims\jni.cpp, line 1111]
Event: 27.074 Thread 0x000002ba68b78530 Exception <a 'java/lang/NoSuchMethodError'{0x000000008c067880}: static [Ljava/lang/String;.<clinit>()V> (0x000000008c067880) 
thrown [s\open\src\hotspot\share\prims\jni.cpp, line 1111]
Event: 27.075 Thread 0x000002ba68b78530 Exception <a 'java/lang/NoSuchMethodError'{0x000000008c073970}: static Lcom/android/buildanalyzer/common/AndroidGradlePluginAttributionData$TaskInfo;.<clinit>()V> (0x000000008c073970) 
thrown [s\open\src\hotspot\share\prims\jni.cpp, line 1111]
Event: 27.076 Thread 0x000002ba68b78530 Exception <a 'java/lang/NoSuchMethodError'{0x000000008c080a48}: static Lcom/android/buildanalyzer/common/AndroidGradlePluginAttributionData$TaskCategoryInfo;.<clinit>()V> (0x000000008c080a48) 
thrown [s\open\src\hotspot\share\prims\jni.cpp, line 1111]
Event: 27.149 Thread 0x000002ba6d918c90 Exception <a 'sun/nio/fs/WindowsException'{0x000000008be51080}> (0x000000008be51080) 
thrown [s\open\src\hotspot\share\prims\jni.cpp, line 520]
Event: 27.181 Thread 0x000002ba697a1820 Exception <a 'java/lang/NoSuchMethodError'{0x000000008bdb35d0}: static Lorg/gradle/internal/build/event/types/DefaultTaskSkippedResult;.<clinit>()V> (0x000000008bdb35d0) 
thrown [s\open\src\hotspot\share\prims\jni.cpp, line 1111]
Event: 27.227 Thread 0x000002ba6d918c90 Exception <a 'java/lang/IncompatibleClassChangeError'{0x000000008bc3fbb8}: Found class java.lang.Object, but interface was expected> (0x000000008bc3fbb8) 
thrown [s\open\src\hotspot\share\interpreter\linkResolver.cpp, line 840]
Event: 27.309 Thread 0x000002ba6d918c90 Exception <a 'java/lang/NoSuchMethodError'{0x000000008ba56df8}: 'int java.lang.invoke.DirectMethodHandle$Holder.invokeSpecial(java.lang.Object, java.lang.Object, int)'> (0x000000008ba56df8) 
thrown [s\open\src\hotspot\share\interpreter\linkResolver.cpp, line 773]

ZGC Phase Switch (0 events):
No events

VM Operations (20 events):
Event: 26.938 Executing VM operation: HandshakeAllThreads (Deoptimize)
Event: 26.938 Executing VM operation: HandshakeAllThreads (Deoptimize) done
Event: 27.048 Executing VM operation: HandshakeAllThreads (Deoptimize)
Event: 27.049 Executing VM operation: HandshakeAllThreads (Deoptimize) done
Event: 27.123 Executing VM operation: HandshakeAllThreads (Deoptimize)
Event: 27.140 Executing VM operation: HandshakeAllThreads (Deoptimize) done
Event: 27.153 Executing VM operation: HandshakeAllThreads (Deoptimize)
Event: 27.153 Executing VM operation: HandshakeAllThreads (Deoptimize) done
Event: 27.157 Executing VM operation: HandshakeAllThreads (Deoptimize)
Event: 27.157 Executing VM operation: HandshakeAllThreads (Deoptimize) done
Event: 27.162 Executing VM operation: HandshakeAllThreads (Deoptimize)
Event: 27.162 Executing VM operation: HandshakeAllThreads (Deoptimize) done
Event: 27.174 Executing VM operation: HandshakeAllThreads (Deoptimize)
Event: 27.174 Executing VM operation: HandshakeAllThreads (Deoptimize) done
Event: 27.230 Executing VM operation: HandshakeAllThreads (Deoptimize)
Event: 27.230 Executing VM operation: HandshakeAllThreads (Deoptimize) done
Event: 27.233 Executing VM operation: HandshakeAllThreads (Deoptimize)
Event: 27.233 Executing VM operation: HandshakeAllThreads (Deoptimize) done
Event: 27.366 Executing VM operation: ICBufferFull
Event: 27.366 Executing VM operation: ICBufferFull done

Events (20 events):
Event: 26.724 Thread 0x000002ba22831100 flushing nmethod 0x000002ba0ee73410
Event: 26.724 Thread 0x000002ba22831100 flushing nmethod 0x000002ba0eecf990
Event: 26.724 Thread 0x000002ba22831100 flushing nmethod 0x000002ba0eed4b10
Event: 26.724 Thread 0x000002ba22831100 flushing nmethod 0x000002ba0eed5910
Event: 26.724 Thread 0x000002ba22831100 flushing nmethod 0x000002ba0eed5f90
Event: 26.724 Thread 0x000002ba22831100 flushing nmethod 0x000002ba0ef2fe90
Event: 26.724 Thread 0x000002ba22831100 flushing nmethod 0x000002ba0ef34a10
Event: 26.724 Thread 0x000002ba22831100 flushing nmethod 0x000002ba0f03cb90
Event: 26.724 Thread 0x000002ba22831100 flushing nmethod 0x000002ba0f21ab10
Event: 26.724 Thread 0x000002ba22831100 flushing nmethod 0x000002ba0f293c10
Event: 26.724 Thread 0x000002ba22831100 flushing nmethod 0x000002ba0f295110
Event: 26.724 Thread 0x000002ba22831100 flushing nmethod 0x000002ba0f335f10
Event: 26.724 Thread 0x000002ba22831100 flushing nmethod 0x000002ba0f336b10
Event: 26.724 Thread 0x000002ba22831100 flushing nmethod 0x000002ba0f3bf190
Event: 26.724 Thread 0x000002ba22831100 flushing nmethod 0x000002ba0f3c2d90
Event: 26.867 Thread 0x000002ba6d918c90 Thread added: 0x000002ba6d918c90
Event: 26.886 Thread 0x000002ba6d918600 Thread added: 0x000002ba6d918600
Event: 26.886 Thread 0x000002ba6d914460 Thread added: 0x000002ba6d914460
Event: 26.886 Thread 0x000002ba6d916530 Thread added: 0x000002ba6d916530
Event: 26.919 Thread 0x000002ba6d919320 Thread added: 0x000002ba6d919320


Dynamic libraries:
0x00007ff74ade0000 - 0x00007ff74adf0000 	C:\Program Files\Java\jdk-21\bin\java.exe
0x00007fffd8d30000 - 0x00007fffd8f28000 	C:\WINDOWS\SYSTEM32\ntdll.dll
0x00007fffd88c0000 - 0x00007fffd8982000 	C:\WINDOWS\System32\KERNEL32.DLL
0x00007fffd6a50000 - 0x00007fffd6d46000 	C:\WINDOWS\System32\KERNELBASE.dll
0x00007fffd6540000 - 0x00007fffd6640000 	C:\WINDOWS\System32\ucrtbase.dll
0x00007fffaf230000 - 0x00007fffaf249000 	C:\Program Files\Java\jdk-21\bin\jli.dll
0x00007fffaf1a0000 - 0x00007fffaf1bb000 	C:\Program Files\Java\jdk-21\bin\VCRUNTIME140.dll
0x00007fffd8800000 - 0x00007fffd88b1000 	C:\WINDOWS\System32\ADVAPI32.dll
0x00007fffd7ed0000 - 0x00007fffd7f6e000 	C:\WINDOWS\System32\msvcrt.dll
0x00007fffd7680000 - 0x00007fffd771f000 	C:\WINDOWS\System32\sechost.dll
0x00007fffd6d50000 - 0x00007fffd6e73000 	C:\WINDOWS\System32\RPCRT4.dll
0x00007fffd6460000 - 0x00007fffd6487000 	C:\WINDOWS\System32\bcrypt.dll
0x00007fffd7fd0000 - 0x00007fffd816d000 	C:\WINDOWS\System32\USER32.dll
0x00007fffd6510000 - 0x00007fffd6532000 	C:\WINDOWS\System32\win32u.dll
0x00007fffd8730000 - 0x00007fffd875b000 	C:\WINDOWS\System32\GDI32.dll
0x00007fffc4bd0000 - 0x00007fffc4e6a000 	C:\WINDOWS\WinSxS\amd64_microsoft.windows.common-controls_6595b64144ccf1df_6.0.19041.5915_none_60b4b9d171f9c7c7\COMCTL32.dll
0x00007fffd6930000 - 0x00007fffd6a49000 	C:\WINDOWS\System32\gdi32full.dll
0x00007fffd63c0000 - 0x00007fffd645d000 	C:\WINDOWS\System32\msvcp_win.dll
0x00007fffcf3e0000 - 0x00007fffcf3ea000 	C:\WINDOWS\SYSTEM32\VERSION.dll
0x00007fffd87d0000 - 0x00007fffd87ff000 	C:\WINDOWS\System32\IMM32.DLL
0x00007fffc1a80000 - 0x00007fffc1a8c000 	C:\Program Files\Java\jdk-21\bin\vcruntime140_1.dll
0x00007fff95250000 - 0x00007fff952de000 	C:\Program Files\Java\jdk-21\bin\msvcp140.dll
0x00007fff7eb60000 - 0x00007fff7f878000 	C:\Program Files\Java\jdk-21\bin\server\jvm.dll
0x00007fffd8760000 - 0x00007fffd87cb000 	C:\WINDOWS\System32\WS2_32.dll
0x00007fffd58c0000 - 0x00007fffd590b000 	C:\WINDOWS\SYSTEM32\POWRPROF.dll
0x00007fffc5440000 - 0x00007fffc5467000 	C:\WINDOWS\SYSTEM32\WINMM.dll
0x00007fffd5780000 - 0x00007fffd5792000 	C:\WINDOWS\SYSTEM32\UMPDC.dll
0x00007fffd4ba0000 - 0x00007fffd4bb2000 	C:\WINDOWS\SYSTEM32\kernel.appcore.dll
0x00007fffc18a0000 - 0x00007fffc18aa000 	C:\Program Files\Java\jdk-21\bin\jimage.dll
0x00007fffd4960000 - 0x00007fffd4b61000 	C:\WINDOWS\SYSTEM32\DBGHELP.DLL
0x00007fffbe2f0000 - 0x00007fffbe324000 	C:\WINDOWS\SYSTEM32\dbgcore.DLL
0x00007fffd68a0000 - 0x00007fffd6922000 	C:\WINDOWS\System32\bcryptPrimitives.dll
0x00007fffc0130000 - 0x00007fffc013f000 	C:\Program Files\Java\jdk-21\bin\instrument.dll
0x00007fffaf100000 - 0x00007fffaf11f000 	C:\Program Files\Java\jdk-21\bin\java.dll
0x00007fffd6f10000 - 0x00007fffd767e000 	C:\WINDOWS\System32\SHELL32.dll
0x00007fffd41b0000 - 0x00007fffd4954000 	C:\WINDOWS\SYSTEM32\windows.storage.dll
0x00007fffd8990000 - 0x00007fffd8ce3000 	C:\WINDOWS\System32\combase.dll
0x00007fffd5d10000 - 0x00007fffd5d3b000 	C:\WINDOWS\SYSTEM32\Wldp.dll
0x00007fffd7720000 - 0x00007fffd77ed000 	C:\WINDOWS\System32\OLEAUT32.dll
0x00007fffd77f0000 - 0x00007fffd789d000 	C:\WINDOWS\System32\SHCORE.dll
0x00007fffd7f70000 - 0x00007fffd7fcb000 	C:\WINDOWS\System32\shlwapi.dll
0x00007fffd62f0000 - 0x00007fffd6315000 	C:\WINDOWS\SYSTEM32\profapi.dll
0x00007fff92b40000 - 0x00007fff92c17000 	C:\Program Files\Java\jdk-21\bin\jsvml.dll
0x00007fffadbe0000 - 0x00007fffadbf8000 	C:\Program Files\Java\jdk-21\bin\zip.dll
0x00007fffbfec0000 - 0x00007fffbfed0000 	C:\Program Files\Java\jdk-21\bin\net.dll
0x00007fffcdfe0000 - 0x00007fffce0ea000 	C:\WINDOWS\SYSTEM32\WINHTTP.dll
0x00007fffd5af0000 - 0x00007fffd5b5a000 	C:\WINDOWS\system32\mswsock.dll
0x00007fffad8e0000 - 0x00007fffad8f6000 	C:\Program Files\Java\jdk-21\bin\nio.dll
0x00007fffbf7c0000 - 0x00007fffbf7d0000 	C:\Program Files\Java\jdk-21\bin\verify.dll
0x00007fffad580000 - 0x00007fffad5a7000 	C:\Users\adria\.gradle\native\c067742578af261105cb4f569cf0c3c89f3d7b1fecec35dd04571415982c5e48\windows-amd64\native-platform.dll
0x00007fff8f220000 - 0x00007fff8f364000 	C:\Users\adria\.gradle\native\100fb08df4bc3b14c8652ba06237920a3bd2aa13389f12d3474272988ae205f9\windows-amd64\native-platform-file-events.dll
0x00007fffba4d0000 - 0x00007fffba4da000 	C:\Program Files\Java\jdk-21\bin\management.dll
0x00007fffb5010000 - 0x00007fffb501b000 	C:\Program Files\Java\jdk-21\bin\management_ext.dll
0x00007fffd8250000 - 0x00007fffd8258000 	C:\WINDOWS\System32\PSAPI.DLL
0x00007fffd60c0000 - 0x00007fffd60d8000 	C:\WINDOWS\SYSTEM32\CRYPTSP.dll
0x00007fffd53c0000 - 0x00007fffd53f8000 	C:\WINDOWS\system32\rsaenh.dll
0x00007fffd6270000 - 0x00007fffd629e000 	C:\WINDOWS\SYSTEM32\USERENV.dll
0x00007fffd5c80000 - 0x00007fffd5c8c000 	C:\WINDOWS\SYSTEM32\CRYPTBASE.dll
0x00007fffd57a0000 - 0x00007fffd57db000 	C:\WINDOWS\SYSTEM32\IPHLPAPI.DLL
0x00007fffd8170000 - 0x00007fffd8178000 	C:\WINDOWS\System32\NSI.dll
0x00007fffb1c10000 - 0x00007fffb1c19000 	C:\Program Files\Java\jdk-21\bin\extnet.dll
0x00007fffad570000 - 0x00007fffad57e000 	C:\Program Files\Java\jdk-21\bin\sunmscapi.dll
0x00007fffd6640000 - 0x00007fffd679d000 	C:\WINDOWS\System32\CRYPT32.dll
0x00007fffd5d80000 - 0x00007fffd5da7000 	C:\WINDOWS\SYSTEM32\ncrypt.dll
0x00007fffd5d40000 - 0x00007fffd5d7b000 	C:\WINDOWS\SYSTEM32\NTASN1.dll
0x00007fffc4f70000 - 0x00007fffc4f77000 	C:\WINDOWS\system32\wshunix.dll
0x00007fffba660000 - 0x00007fffba677000 	C:\WINDOWS\system32\napinsp.dll
0x00007fffba640000 - 0x00007fffba65b000 	C:\WINDOWS\system32\pnrpnsp.dll
0x00007fffba620000 - 0x00007fffba63d000 	C:\WINDOWS\system32\wshbth.dll
0x00007fffd0780000 - 0x00007fffd079d000 	C:\WINDOWS\system32\NLAapi.dll
0x00007fffd57f0000 - 0x00007fffd58ba000 	C:\WINDOWS\SYSTEM32\DNSAPI.dll
0x00007fffba600000 - 0x00007fffba612000 	C:\WINDOWS\System32\winrnr.dll
0x00007fffc17c0000 - 0x00007fffc17ca000 	C:\Windows\System32\rasadhlp.dll
0x00007fffc7400000 - 0x00007fffc7480000 	C:\WINDOWS\System32\fwpuclnt.dll

dbghelp: loaded successfully - version: 4.0.5 - missing functions: none
symbol engine: initialized successfully - sym options: 0x614 - pdb path: .;C:\Program Files\Java\jdk-21\bin;C:\WINDOWS\SYSTEM32;C:\WINDOWS\WinSxS\amd64_microsoft.windows.common-controls_6595b64144ccf1df_6.0.19041.5915_none_60b4b9d171f9c7c7;C:\Program Files\Java\jdk-21\bin\server;C:\Users\adria\.gradle\native\c067742578af261105cb4f569cf0c3c89f3d7b1fecec35dd04571415982c5e48\windows-amd64;C:\Users\adria\.gradle\native\100fb08df4bc3b14c8652ba06237920a3bd2aa13389f12d3474272988ae205f9\windows-amd64

VM Arguments:
jvm_args: --add-opens=java.base/java.lang=ALL-UNNAMED --add-opens=java.base/java.lang.invoke=ALL-UNNAMED --add-opens=java.base/java.util=ALL-UNNAMED --add-opens=java.prefs/java.util.prefs=ALL-UNNAMED --add-exports=jdk.compiler/com.sun.tools.javac.api=ALL-UNNAMED --add-exports=jdk.compiler/com.sun.tools.javac.util=ALL-UNNAMED --add-opens=java.base/java.util=ALL-UNNAMED --add-opens=java.prefs/java.util.prefs=ALL-UNNAMED --add-opens=java.base/java.nio.charset=ALL-UNNAMED --add-opens=java.base/java.net=ALL-UNNAMED --add-opens=java.base/java.util.concurrent.atomic=ALL-UNNAMED --add-opens=java.xml/javax.xml.namespace=ALL-UNNAMED -Xmx2048m -Dfile.encoding=UTF-8 -Duser.country -Duser.language=en -Duser.variant -javaagent:C:\Users\adria\.gradle\wrapper\dists\gradle-8.11.1-bin\bpt9gzteqjrbo1mjrsomdt32c\gradle-8.11.1\lib\agents\gradle-instrumentation-agent-8.11.1.jar 
java_command: org.gradle.launcher.daemon.bootstrap.GradleDaemon 8.11.1
java_class_path (initial): C:\Users\adria\.gradle\wrapper\dists\gradle-8.11.1-bin\bpt9gzteqjrbo1mjrsomdt32c\gradle-8.11.1\lib\gradle-daemon-main-8.11.1.jar
Launcher Type: SUN_STANDARD

[Global flags]
     intx CICompilerCount                          = 3                                         {product} {ergonomic}
     uint ConcGCThreads                            = 1                                         {product} {ergonomic}
     uint G1ConcRefinementThreads                  = 4                                         {product} {ergonomic}
   size_t G1HeapRegionSize                         = 1048576                                   {product} {ergonomic}
    uintx GCDrainStackTargetSize                   = 64                                        {product} {ergonomic}
   size_t InitialHeapSize                          = 192937984                                 {product} {ergonomic}
   size_t MarkStackSize                            = 4194304                                   {product} {ergonomic}
   size_t MaxHeapSize                              = 2147483648                                {product} {command line}
   size_t MaxNewSize                               = 1287651328                                {product} {ergonomic}
   size_t MinHeapDeltaBytes                        = 1048576                                   {product} {ergonomic}
   size_t MinHeapSize                              = 8388608                                   {product} {ergonomic}
    uintx NonNMethodCodeHeapSize                   = 5832780                                {pd product} {ergonomic}
    uintx NonProfiledCodeHeapSize                  = 122912730                              {pd product} {ergonomic}
    uintx ProfiledCodeHeapSize                     = 122912730                              {pd product} {ergonomic}
    uintx ReservedCodeCacheSize                    = 251658240                              {pd product} {ergonomic}
     bool SegmentedCodeCache                       = true                                      {product} {ergonomic}
   size_t SoftMaxHeapSize                          = 2147483648                             {manageable} {ergonomic}
     bool UseCompressedOops                        = true                           {product lp64_product} {ergonomic}
     bool UseG1GC                                  = true                                      {product} {ergonomic}
     bool UseLargePagesIndividualAllocation        = false                                  {pd product} {ergonomic}

Logging:
Log output configuration:
 #0: stdout all=warning uptime,level,tags foldmultilines=false
 #1: stderr all=off uptime,level,tags foldmultilines=false

Environment Variables:
JAVA_HOME=C:\Users\adria\AppData\Local\Programs\Eclipse Adoptium\jdk-17.0.8.101-hotspot\
PATH=C:\Program Files\Common Files\Oracle\Java\javapath;C:\Program Files (x86)\Common Files\Oracle\Java\javapath;C:\WINDOWS\system32;C:\WINDOWS;C:\WINDOWS\System32\Wbem;C:\WINDOWS\System32\WindowsPowerShell\v1.0\;C:\WINDOWS\System32\OpenSSH\;C:\Program Files (x86)\NVIDIA Corporation\PhysX\Common;C:\Program Files\php-8.2.23-Win32-vs16-x64;C:\Program Files\dotnet\;C:\ProgramData\ComposerSetup\bin;C:\Program Files\Git\cmd;C:\Program Files\PuTTY\;C:\Program Files\NVIDIA Corporation\NVIDIA app\NvDLISR;C:\Users\adria\AppData\Local\Programs\Eclipse Adoptium\jdk-17.0.8.101-hotspot\bin;C:\Users\adria\AppData\Local\Programs\Python\Python310\Scripts\;C:\Users\adria\AppData\Local\Programs\Python\Python310\;C:\Users\adria\AppData\Local\Microsoft\WindowsApps;C:\Users\adria\AppData\Local\Programs\Microsoft VS Code\bin;C:\Users\adria\AppData\Roaming\Composer\vendor\bin
USERNAME=adria
OS=Windows_NT
PROCESSOR_IDENTIFIER=Intel64 Family 6 Model 142 Stepping 9, GenuineIntel
TMP=C:\Users\adria\AppData\Local\Temp
TEMP=C:\Users\adria\AppData\Local\Temp




Periodic native trim disabled

---------------  S Y S T E M  ---------------

OS:
 Windows 10 , 64 bit Build 19041 (10.0.19041.5915)
OS uptime: 0 days 5:03 hours
Hyper-V role detected

CPU: total 4 (initial active 4) (2 cores per cpu, 2 threads per core) family 6 model 142 stepping 9 microcode 0xf0, cx8, cmov, fxsr, ht, mmx, 3dnowpref, sse, sse2, sse3, ssse3, sse4.1, sse4.2, popcnt, lzcnt, tsc, tscinvbit, avx, avx2, aes, erms, clmul, bmi1, bmi2, adx, fma, vzeroupper, clflush, clflushopt, hv, rdtscp, f16c
Processor Information for all 4 processors :
  Max Mhz: 2701, Current Mhz: 2701, Mhz Limit: 2701

Memory: 4k page, system-wide physical 11701M (560M free)
TotalPageFile size 36638M (AvailPageFile size 3M)
current process WorkingSet (physical memory assigned to process): 493M, peak: 493M
current process commit charge ("private bytes"): 541M, peak: 541M

vm_info: Java HotSpot(TM) 64-Bit Server VM (21.0.5+9-LTS-239) for windows-amd64 JRE (21.0.5+9-LTS-239), built on 2024-09-30T05:17:38Z by "mach5one" with MS VC++ 17.6 (VS2022)

END.
