#
# There is insufficient memory for the Java Runtime Environment to continue.
# Native memory allocation (mmap) failed to map 192937984 bytes for G1 virtual space
# Possible reasons:
#   The system is out of physical RAM or swap space
#   The process is running with CompressedOops enabled, and the Java Heap may be blocking the growth of the native heap
# Possible solutions:
#   Reduce memory load on the system
#   Increase physical memory or swap space
#   Check if swap backing store is full
#   Decrease Java heap size (-Xmx/-Xms)
#   Decrease number of Java threads
#   Decrease Java thread stack sizes (-Xss)
#   Set larger code cache with -XX:ReservedCodeCacheSize=
#   JVM is running with Zero Based Compressed Oops mode in which the Java heap is
#     placed in the first 32GB address space. The Java Heap base address is the
#     maximum limit for the native heap growth. Please use -XX:HeapBaseMinAddress
#     to set the Java Heap base and to place the Java Heap above 32GB virtual address.
# This output file may be truncated or incomplete.
#
#  Out of Memory Error (os_windows.cpp:3600), pid=15624, tid=4744
#
# JRE version:  (21.0.5+9) (build )
# Java VM: Java HotSpot(TM) 64-Bit Server VM (21.0.5+9-LTS-239, mixed mode, sharing, tiered, compressed oops, compressed class ptrs, g1 gc, windows-amd64)
# No core dump will be written. Minidumps are not enabled by default on client versions of Windows
#

---------------  S U M M A R Y ------------

Command Line: org.jetbrains.kotlin.cli.jvm.K2JVMCompiler @D:\adrian\CeOStar\app\build\20250701_12755624907660423945.compiler.options

Host: Intel(R) Core(TM) i5-7200U CPU @ 2.50GHz, 4 cores, 11G,  Windows 10 , 64 bit Build 19041 (10.0.19041.5915)
Time: Tue Jul  1 13:23:05 2025 SE Asia Standard Time elapsed time: 0.009819 seconds (0d 0h 0m 0s)

---------------  T H R E A D  ---------------

Current thread (0x000001e889ceb110):  JavaThread "Unknown thread" [_thread_in_vm, id=4744, stack(0x000000e5e6a00000,0x000000e5e6b00000) (1024K)]

Stack: [0x000000e5e6a00000,0x000000e5e6b00000]
Native frames: (J=compiled Java code, j=interpreted, Vv=VM code, C=native code)
V  [jvm.dll+0x6ca289]
V  [jvm.dll+0x854a51]
V  [jvm.dll+0x856f7e]
V  [jvm.dll+0x857653]
V  [jvm.dll+0x27dd26]
V  [jvm.dll+0x6c6a25]
V  [jvm.dll+0x6bb5aa]
V  [jvm.dll+0x35359a]
V  [jvm.dll+0x35b1f6]
V  [jvm.dll+0x3adade]
V  [jvm.dll+0x3add88]
V  [jvm.dll+0x3278fc]
V  [jvm.dll+0x32845b]
V  [jvm.dll+0x81de19]
V  [jvm.dll+0x3ba7c1]
V  [jvm.dll+0x807168]
V  [jvm.dll+0x44f96e]
V  [jvm.dll+0x451561]
C  [jli.dll+0x52a3]
C  [ucrtbase.dll+0x21bb2]
C  [KERNEL32.DLL+0x17374]
C  [ntdll.dll+0x4cc91]


---------------  P R O C E S S  ---------------

Threads class SMR info:
_java_thread_list=0x00007fff7f72ac08, length=0, elements={
}

Java Threads: ( => current thread )
Total: 0

Other Threads:
  0x000001e889dbebf0 WorkerThread "GC Thread#0"                     [id=5696, stack(0x000000e5e6b00000,0x000000e5e6c00000) (1024K)]
  0x000001e889e46190 ConcurrentGCThread "G1 Main Marker"            [id=14700, stack(0x000000e5e6c00000,0x000000e5e6d00000) (1024K)]
  0x000001e889e49350 WorkerThread "G1 Conc#0"                       [id=6180, stack(0x000000e5e6d00000,0x000000e5e6e00000) (1024K)]

[error occurred during error reporting (printing all threads), id 0xc0000005, EXCEPTION_ACCESS_VIOLATION (0xc0000005) at pc=0x00007fff7ee9a087]
VM state: not at safepoint (not fully initialized)

VM Mutex/Monitor currently owned by a thread:  ([mutex/lock_event])
[0x00007fff7f79bf98] Heap_lock - owner thread: 0x000001e889ceb110

Heap address: 0x0000000749200000, size: 2926 MB, Compressed Oops mode: Zero based, Oop shift amount: 3

CDS archive(s) mapped at: [0x0000000000000000-0x0000000000000000-0x0000000000000000), size 0, SharedBaseAddress: 0x0000000800000000, ArchiveRelocationMode: 1.
Narrow klass base: 0x0000000000000000, Narrow klass shift: 0, Narrow klass range: 0x0

GC Precious Log:
 CardTable entry size: 512
 Card Set container configuration: InlinePtr #cards 4 size 8 Array Of Cards #cards 16 size 48 Howl #buckets 8 coarsen threshold 3686 Howl Bitmap #cards 512 size 80 coarsen threshold 460 Card regions per heap region 1 cards per card region 4096

Heap:
 garbage-first heap   total 0K, used 0K [0x0000000749200000, 0x0000000800000000)
  region size 2048K, 0 young (0K), 0 survivors (0K)

[error occurred during error reporting (printing heap information), id 0xc0000005, EXCEPTION_ACCESS_VIOLATION (0xc0000005) at pc=0x00007fff7f283259]
GC Heap History (0 events):
No events

Dll operation events (1 events):
Event: 0.006 Loaded shared library C:\Program Files\Java\jdk-21\bin\java.dll

Deoptimization events (0 events):
No events

Classes loaded (0 events):
No events

Classes unloaded (0 events):
No events

Classes redefined (0 events):
No events

Internal exceptions (0 events):
No events

ZGC Phase Switch (0 events):
No events

VM Operations (0 events):
No events

Events (0 events):
No events


Dynamic libraries:
0x00007ff74ade0000 - 0x00007ff74adf0000 	C:\Program Files\Java\jdk-21\bin\java.exe
0x00007fffd8d30000 - 0x00007fffd8f28000 	C:\WINDOWS\SYSTEM32\ntdll.dll
0x00007fffd88c0000 - 0x00007fffd8982000 	C:\WINDOWS\System32\KERNEL32.DLL
0x00007fffd6a50000 - 0x00007fffd6d46000 	C:\WINDOWS\System32\KERNELBASE.dll
0x00007fffd6540000 - 0x00007fffd6640000 	C:\WINDOWS\System32\ucrtbase.dll
0x00007fffcc6f0000 - 0x00007fffcc709000 	C:\Program Files\Java\jdk-21\bin\jli.dll
0x00007fffd8800000 - 0x00007fffd88b1000 	C:\WINDOWS\System32\ADVAPI32.dll
0x00007fffd7ed0000 - 0x00007fffd7f6e000 	C:\WINDOWS\System32\msvcrt.dll
0x00007fffd7680000 - 0x00007fffd771f000 	C:\WINDOWS\System32\sechost.dll
0x00007fffd6d50000 - 0x00007fffd6e73000 	C:\WINDOWS\System32\RPCRT4.dll
0x00007fffc1d90000 - 0x00007fffc1dab000 	C:\Program Files\Java\jdk-21\bin\VCRUNTIME140.dll
0x00007fffd6460000 - 0x00007fffd6487000 	C:\WINDOWS\System32\bcrypt.dll
0x00007fffd7fd0000 - 0x00007fffd816d000 	C:\WINDOWS\System32\USER32.dll
0x00007fffc4bd0000 - 0x00007fffc4e6a000 	C:\WINDOWS\WinSxS\amd64_microsoft.windows.common-controls_6595b64144ccf1df_6.0.19041.5915_none_60b4b9d171f9c7c7\COMCTL32.dll
0x00007fffd6510000 - 0x00007fffd6532000 	C:\WINDOWS\System32\win32u.dll
0x00007fffd8730000 - 0x00007fffd875b000 	C:\WINDOWS\System32\GDI32.dll
0x00007fffd6930000 - 0x00007fffd6a49000 	C:\WINDOWS\System32\gdi32full.dll
0x00007fffd63c0000 - 0x00007fffd645d000 	C:\WINDOWS\System32\msvcp_win.dll
0x00007fffcf3e0000 - 0x00007fffcf3ea000 	C:\WINDOWS\SYSTEM32\VERSION.dll
0x00007fffd87d0000 - 0x00007fffd87ff000 	C:\WINDOWS\System32\IMM32.DLL
0x00007fffd07c0000 - 0x00007fffd07cc000 	C:\Program Files\Java\jdk-21\bin\vcruntime140_1.dll
0x00007fffacf80000 - 0x00007fffad00e000 	C:\Program Files\Java\jdk-21\bin\msvcp140.dll
0x00007fff7eb60000 - 0x00007fff7f878000 	C:\Program Files\Java\jdk-21\bin\server\jvm.dll
0x00007fffd8760000 - 0x00007fffd87cb000 	C:\WINDOWS\System32\WS2_32.dll
0x00007fffd58c0000 - 0x00007fffd590b000 	C:\WINDOWS\SYSTEM32\POWRPROF.dll
0x00007fffc5440000 - 0x00007fffc5467000 	C:\WINDOWS\SYSTEM32\WINMM.dll
0x00007fffd5780000 - 0x00007fffd5792000 	C:\WINDOWS\SYSTEM32\UMPDC.dll
0x00007fffd4ba0000 - 0x00007fffd4bb2000 	C:\WINDOWS\SYSTEM32\kernel.appcore.dll
0x00007fffd07a0000 - 0x00007fffd07aa000 	C:\Program Files\Java\jdk-21\bin\jimage.dll
0x00007fffd4960000 - 0x00007fffd4b61000 	C:\WINDOWS\SYSTEM32\DBGHELP.DLL
0x00007fffbe2f0000 - 0x00007fffbe324000 	C:\WINDOWS\SYSTEM32\dbgcore.DLL
0x00007fffd68a0000 - 0x00007fffd6922000 	C:\WINDOWS\System32\bcryptPrimitives.dll
0x00007fffb8770000 - 0x00007fffb878f000 	C:\Program Files\Java\jdk-21\bin\java.dll

dbghelp: loaded successfully - version: 4.0.5 - missing functions: none
symbol engine: initialized successfully - sym options: 0x614 - pdb path: .;C:\Program Files\Java\jdk-21\bin;C:\WINDOWS\SYSTEM32;C:\WINDOWS\WinSxS\amd64_microsoft.windows.common-controls_6595b64144ccf1df_6.0.19041.5915_none_60b4b9d171f9c7c7;C:\Program Files\Java\jdk-21\bin\server

VM Arguments:
java_command: org.jetbrains.kotlin.cli.jvm.K2JVMCompiler @D:\adrian\CeOStar\app\build\20250701_12755624907660423945.compiler.options
java_class_path (initial): C:\Users\adria\.gradle\caches\modules-2\files-2.1\org.jetbrains.kotlin\kotlin-compiler-embeddable\2.0.21\79346ed53db48b18312a472602eb5c057070c54d\kotlin-compiler-embeddable-2.0.21.jar;C:\Users\adria\.gradle\caches\modules-2\files-2.1\org.jetbrains.kotlin\kotlin-stdlib\2.0.21\618b539767b4899b4660a83006e052b63f1db551\kotlin-stdlib-2.0.21.jar;C:\Users\adria\.gradle\caches\modules-2\files-2.1\org.jetbrains.kotlin\kotlin-script-runtime\2.0.21\c9b044380ad41f89aa89aa896c2d32a8c0b2129d\kotlin-script-runtime-2.0.21.jar;C:\Users\adria\.gradle\caches\modules-2\files-2.1\org.jetbrains.kotlin\kotlin-reflect\1.6.10\1cbe9c92c12a94eea200d23c2bbaedaf3daf5132\kotlin-reflect-1.6.10.jar;C:\Users\adria\.gradle\caches\modules-2\files-2.1\org.jetbrains.kotlin\kotlin-daemon-embeddable\2.0.21\c9e933b23287de9b5a17e2116b4657bb91aea72c\kotlin-daemon-embeddable-2.0.21.jar;C:\Users\adria\.gradle\caches\modules-2\files-2.1\org.jetbrains.intellij.deps\trove4j\1.0.20200330\3afb14d5f9ceb459d724e907a21145e8ff394f02\trove4j-1.0.20200330.jar;C:\Users\adria\.gradle\caches\modules-2\files-2.1\org.jetbrains.kotlinx\kotlinx-coroutines-core-jvm\1.6.4\2c997cd1c0ef33f3e751d3831929aeff1390cb30\kotlinx-coroutines-core-jvm-1.6.4.jar;C:\Users\adria\.gradle\caches\modules-2\files-2.1\org.jetbrains\annotations\13.0\919f0dfe192fb4e063e7dacadee7f8bb9a2672a9\annotations-13.0.jar
Launcher Type: SUN_STANDARD

[Global flags]
     intx CICompilerCount                          = 3                                         {product} {ergonomic}
     uint ConcGCThreads                            = 1                                         {product} {ergonomic}
     uint G1ConcRefinementThreads                  = 4                                         {product} {ergonomic}
   size_t G1HeapRegionSize                         = 2097152                                   {product} {ergonomic}
    uintx GCDrainStackTargetSize                   = 64                                        {product} {ergonomic}
   size_t InitialHeapSize                          = 192937984                                 {product} {ergonomic}
   size_t MarkStackSize                            = 4194304                                   {product} {ergonomic}
   size_t MaxHeapSize                              = 3068133376                                {product} {ergonomic}
   size_t MinHeapDeltaBytes                        = 2097152                                   {product} {ergonomic}
   size_t MinHeapSize                              = 8388608                                   {product} {ergonomic}
    uintx NonNMethodCodeHeapSize                   = 5832780                                {pd product} {ergonomic}
    uintx NonProfiledCodeHeapSize                  = 122912730                              {pd product} {ergonomic}
    uintx ProfiledCodeHeapSize                     = 122912730                              {pd product} {ergonomic}
    uintx ReservedCodeCacheSize                    = 251658240                              {pd product} {ergonomic}
     bool SegmentedCodeCache                       = true                                      {product} {ergonomic}
   size_t SoftMaxHeapSize                          = 3068133376                             {manageable} {ergonomic}
     bool UseCompressedOops                        = true                           {product lp64_product} {ergonomic}
     bool UseG1GC                                  = true                                      {product} {ergonomic}
     bool UseLargePagesIndividualAllocation        = false                                  {pd product} {ergonomic}

Logging:
Log output configuration:
 #0: stdout all=warning uptime,level,tags foldmultilines=false
 #1: stderr all=off uptime,level,tags foldmultilines=false

Environment Variables:
JAVA_HOME=C:\Users\adria\AppData\Local\Programs\Eclipse Adoptium\jdk-17.0.8.101-hotspot\
PATH=C:\Program Files\Common Files\Oracle\Java\javapath;C:\Program Files (x86)\Common Files\Oracle\Java\javapath;C:\WINDOWS\system32;C:\WINDOWS;C:\WINDOWS\System32\Wbem;C:\WINDOWS\System32\WindowsPowerShell\v1.0\;C:\WINDOWS\System32\OpenSSH\;C:\Program Files (x86)\NVIDIA Corporation\PhysX\Common;C:\Program Files\php-8.2.23-Win32-vs16-x64;C:\Program Files\dotnet\;C:\ProgramData\ComposerSetup\bin;C:\Program Files\Git\cmd;C:\Program Files\PuTTY\;C:\Program Files\NVIDIA Corporation\NVIDIA app\NvDLISR;C:\Users\adria\AppData\Local\Programs\Eclipse Adoptium\jdk-17.0.8.101-hotspot\bin;C:\Users\adria\AppData\Local\Programs\Python\Python310\Scripts\;C:\Users\adria\AppData\Local\Programs\Python\Python310\;C:\Users\adria\AppData\Local\Microsoft\WindowsApps;C:\Users\adria\AppData\Local\Programs\Microsoft VS Code\bin;C:\Users\adria\AppData\Roaming\Composer\vendor\bin
USERNAME=adria
OS=Windows_NT
PROCESSOR_IDENTIFIER=Intel64 Family 6 Model 142 Stepping 9, GenuineIntel
TMP=C:\Users\adria\AppData\Local\Temp
TEMP=C:\Users\adria\AppData\Local\Temp




Periodic native trim disabled

---------------  S Y S T E M  ---------------

OS:
 Windows 10 , 64 bit Build 19041 (10.0.19041.5915)
OS uptime: 0 days 5:04 hours
Hyper-V role detected

CPU: total 4 (initial active 4) (2 cores per cpu, 2 threads per core) family 6 model 142 stepping 9 microcode 0xf0, cx8, cmov, fxsr, ht, mmx, 3dnowpref, sse, sse2, sse3, ssse3, sse4.1, sse4.2, popcnt, lzcnt, tsc, tscinvbit, avx, avx2, aes, erms, clmul, bmi1, bmi2, adx, fma, vzeroupper, clflush, clflushopt, hv, rdtscp, f16c
Processor Information for all 4 processors :
  Max Mhz: 2701, Current Mhz: 2701, Mhz Limit: 2701

Memory: 4k page, system-wide physical 11701M (271M free)
TotalPageFile size 36638M (AvailPageFile size 44M)
current process WorkingSet (physical memory assigned to process): 10M, peak: 10M
current process commit charge ("private bytes"): 51M, peak: 235M

vm_info: Java HotSpot(TM) 64-Bit Server VM (21.0.5+9-LTS-239) for windows-amd64 JRE (21.0.5+9-LTS-239), built on 2024-09-30T05:17:38Z by "mach5one" with MS VC++ 17.6 (VS2022)

END.
